2020-02-20 15:28:35,244 [Worker-0: Loading available Gradle versions] INFO  o.e.b.c.i.u.g.PublishedGradleVersions - Gradle version information cache is up-to-date. Trying to read.
2020-02-20 15:29:12,526 [Worker-7: Update Maven projects configuration] INFO  o.e.m.c.i.p.ProjectConfigurationManager - Update started
2020-02-20 15:29:21,814 [Worker-7: Update Maven projects configuration] INFO  o.e.m.j.i.AbstractJavaProjectConfigurator - Adding source folder /InterviewPractical/src/main/java
2020-02-20 15:29:21,815 [Worker-7: Update Maven projects configuration] INFO  o.e.m.j.i.AbstractJavaProjectConfigurator - Adding resource folder /InterviewPractical/src/main/resources
2020-02-20 15:29:21,830 [Worker-7: Update Maven projects configuration] INFO  o.e.m.j.i.AbstractJavaProjectConfigurator - Adding resource folder /InterviewPractical/src/main/resources
2020-02-20 15:29:21,848 [Worker-7: Update Maven projects configuration] INFO  o.e.m.j.i.AbstractJavaProjectConfigurator - Adding source folder /InterviewPractical/src/test/java
2020-02-20 15:29:24,740 [Worker-0: Building] INFO  o.e.m.c.i.embedder.EclipseLogger - Using 'UTF-8' encoding to copy filtered resources.
2020-02-20 15:29:24,748 [Worker-0: Building] INFO  o.e.m.c.i.embedder.EclipseLogger - Copying 1 resource
2020-02-20 15:29:24,772 [Worker-0: Building] INFO  o.e.m.c.i.embedder.EclipseLogger - Copying 11 resources
2020-02-20 15:29:25,255 [Worker-0: Building] INFO  o.e.m.c.i.embedder.EclipseLogger - Using 'UTF-8' encoding to copy filtered resources.
2020-02-20 15:29:25,255 [Worker-0: Building] INFO  o.e.m.c.i.embedder.EclipseLogger - skip non existing resourceDirectory C:\Users\GISIORA\Desktop\git\CloudItPracticalApp-master\InterviewPractical\src\test\resources
2020-02-20 15:29:27,586 [Worker-7: Update Maven projects configuration] INFO  o.e.m.c.i.p.ProjectConfigurationManager - Update completed: 15 sec
2020-02-20 15:29:28,068 [Worker-0: Building] INFO  o.e.m.c.i.embedder.EclipseLogger - Using 'UTF-8' encoding to copy filtered resources.
2020-02-20 15:29:28,075 [Worker-0: Building] INFO  o.e.m.c.i.embedder.EclipseLogger - Copying 1 resource
2020-02-20 15:29:28,080 [Worker-0: Building] INFO  o.e.m.c.i.embedder.EclipseLogger - Copying 11 resources
2020-02-20 15:29:28,203 [Worker-0: Building] INFO  o.e.m.c.i.embedder.EclipseLogger - Using 'UTF-8' encoding to copy filtered resources.
2020-02-20 15:29:28,203 [Worker-0: Building] INFO  o.e.m.c.i.embedder.EclipseLogger - skip non existing resourceDirectory C:\Users\GISIORA\Desktop\git\CloudItPracticalApp-master\InterviewPractical\src\test\resources
2020-02-20 15:29:38,580 [Worker-1: Building] INFO  o.e.m.c.i.embedder.EclipseLogger - Using 'UTF-8' encoding to copy filtered resources.
2020-02-20 15:29:38,581 [Worker-1: Building] INFO  o.e.m.c.i.embedder.EclipseLogger - Copying 0 resource
2020-02-20 15:29:38,581 [Worker-1: Building] INFO  o.e.m.c.i.embedder.EclipseLogger - Copying 0 resource
2020-02-20 15:29:38,584 [Worker-1: Building] INFO  o.e.m.c.i.embedder.EclipseLogger - Using 'UTF-8' encoding to copy filtered resources.
2020-02-20 15:29:38,585 [Worker-1: Building] INFO  o.e.m.c.i.embedder.EclipseLogger - skip non existing resourceDirectory C:\Users\GISIORA\Desktop\git\CloudItPracticalApp-master\InterviewPractical\src\test\resources
2020-02-20 15:33:07,435 [Worker-7: Building] INFO  o.e.m.c.i.embedder.EclipseLogger - Using 'UTF-8' encoding to copy filtered resources.
2020-02-20 15:33:07,438 [Worker-7: Building] INFO  o.e.m.c.i.embedder.EclipseLogger - Copying 0 resource
2020-02-20 15:33:07,439 [Worker-7: Building] INFO  o.e.m.c.i.embedder.EclipseLogger - Copying 1 resource
2020-02-20 15:33:07,447 [Worker-7: Building] INFO  o.e.m.c.i.embedder.EclipseLogger - Using 'UTF-8' encoding to copy filtered resources.
2020-02-20 15:33:07,448 [Worker-7: Building] INFO  o.e.m.c.i.embedder.EclipseLogger - skip non existing resourceDirectory C:\Users\GISIORA\Desktop\git\CloudItPracticalApp-master\InterviewPractical\src\test\resources
2020-02-20 15:33:34,311 [Worker-0: Building] INFO  o.e.m.c.i.embedder.EclipseLogger - Using 'UTF-8' encoding to copy filtered resources.
2020-02-20 15:33:34,312 [Worker-0: Building] INFO  o.e.m.c.i.embedder.EclipseLogger - Copying 0 resource
2020-02-20 15:33:34,314 [Worker-0: Building] INFO  o.e.m.c.i.embedder.EclipseLogger - Copying 1 resource
2020-02-20 15:33:34,394 [Worker-0: Building] INFO  o.e.m.c.i.embedder.EclipseLogger - Using 'UTF-8' encoding to copy filtered resources.
2020-02-20 15:33:34,394 [Worker-0: Building] INFO  o.e.m.c.i.embedder.EclipseLogger - skip non existing resourceDirectory C:\Users\GISIORA\Desktop\git\CloudItPracticalApp-master\InterviewPractical\src\test\resources
2020-02-20 15:34:45,655 [Worker-7: Building] INFO  o.e.m.c.i.embedder.EclipseLogger - Using 'UTF-8' encoding to copy filtered resources.
2020-02-20 15:34:45,655 [Worker-7: Building] INFO  o.e.m.c.i.embedder.EclipseLogger - Copying 0 resource
2020-02-20 15:34:45,656 [Worker-7: Building] INFO  o.e.m.c.i.embedder.EclipseLogger - Copying 1 resource
2020-02-20 15:34:45,662 [Worker-7: Building] INFO  o.e.m.c.i.embedder.EclipseLogger - Using 'UTF-8' encoding to copy filtered resources.
2020-02-20 15:34:45,663 [Worker-7: Building] INFO  o.e.m.c.i.embedder.EclipseLogger - skip non existing resourceDirectory C:\Users\GISIORA\Desktop\git\CloudItPracticalApp-master\InterviewPractical\src\test\resources
2020-02-20 15:37:14,432 [Worker-9: Building] INFO  o.e.m.c.i.embedder.EclipseLogger - Using 'UTF-8' encoding to copy filtered resources.
2020-02-20 15:37:14,433 [Worker-9: Building] INFO  o.e.m.c.i.embedder.EclipseLogger - Copying 0 resource
2020-02-20 15:37:14,434 [Worker-9: Building] INFO  o.e.m.c.i.embedder.EclipseLogger - Copying 0 resource
2020-02-20 15:37:14,445 [Worker-9: Building] INFO  o.e.m.c.i.embedder.EclipseLogger - Using 'UTF-8' encoding to copy filtered resources.
2020-02-20 15:37:14,445 [Worker-9: Building] INFO  o.e.m.c.i.embedder.EclipseLogger - skip non existing resourceDirectory C:\Users\GISIORA\Desktop\git\CloudItPracticalApp-master\InterviewPractical\src\test\resources
2020-02-20 15:37:20,498 [Worker-1: Building] INFO  o.e.m.c.i.embedder.EclipseLogger - Using 'UTF-8' encoding to copy filtered resources.
2020-02-20 15:37:20,499 [Worker-1: Building] INFO  o.e.m.c.i.embedder.EclipseLogger - Copying 0 resource
2020-02-20 15:37:20,499 [Worker-1: Building] INFO  o.e.m.c.i.embedder.EclipseLogger - Copying 1 resource
2020-02-20 15:37:20,508 [Worker-1: Building] INFO  o.e.m.c.i.embedder.EclipseLogger - Using 'UTF-8' encoding to copy filtered resources.
2020-02-20 15:37:20,508 [Worker-1: Building] INFO  o.e.m.c.i.embedder.EclipseLogger - skip non existing resourceDirectory C:\Users\GISIORA\Desktop\git\CloudItPracticalApp-master\InterviewPractical\src\test\resources
2020-02-20 15:38:29,587 [Worker-13: Launching InterviewPractical - InterviewPracticalApplication] INFO  o.e.m.c.i.embedder.EclipseLogger - Using 'UTF-8' encoding to copy filtered resources.
2020-02-20 15:38:29,591 [Worker-13: Launching InterviewPractical - InterviewPracticalApplication] INFO  o.e.m.c.i.embedder.EclipseLogger - Copying 1 resource
2020-02-20 15:38:29,609 [Worker-13: Launching InterviewPractical - InterviewPracticalApplication] INFO  o.e.m.c.i.embedder.EclipseLogger - Copying 12 resources
2020-02-20 15:38:29,617 [Worker-13: Launching InterviewPractical - InterviewPracticalApplication] INFO  o.e.m.c.i.embedder.EclipseLogger - Using 'UTF-8' encoding to copy filtered resources.
2020-02-20 15:38:29,617 [Worker-13: Launching InterviewPractical - InterviewPracticalApplication] INFO  o.e.m.c.i.embedder.EclipseLogger - skip non existing resourceDirectory C:\Users\GISIORA\Desktop\git\CloudItPracticalApp-master\InterviewPractical\src\test\resources
2020-02-20 15:40:50,786 [Worker-16: Building] INFO  o.e.m.c.i.embedder.EclipseLogger - Using 'UTF-8' encoding to copy filtered resources.
2020-02-20 15:40:50,786 [Worker-16: Building] INFO  o.e.m.c.i.embedder.EclipseLogger - Copying 0 resource
2020-02-20 15:40:50,787 [Worker-16: Building] INFO  o.e.m.c.i.embedder.EclipseLogger - Copying 0 resource
2020-02-20 15:40:50,791 [Worker-16: Building] INFO  o.e.m.c.i.embedder.EclipseLogger - Using 'UTF-8' encoding to copy filtered resources.
2020-02-20 15:40:50,801 [Worker-16: Building] INFO  o.e.m.c.i.embedder.EclipseLogger - skip non existing resourceDirectory C:\Users\GISIORA\Desktop\git\CloudItPracticalApp-master\InterviewPractical\src\test\resources
2020-02-20 15:44:31,870 [Worker-13: Building] INFO  o.e.m.c.i.embedder.EclipseLogger - Using 'UTF-8' encoding to copy filtered resources.
2020-02-20 15:44:31,871 [Worker-13: Building] INFO  o.e.m.c.i.embedder.EclipseLogger - Copying 0 resource
2020-02-20 15:44:31,872 [Worker-13: Building] INFO  o.e.m.c.i.embedder.EclipseLogger - Copying 1 resource
2020-02-20 15:44:31,923 [Worker-13: Building] INFO  o.e.m.c.i.embedder.EclipseLogger - Using 'UTF-8' encoding to copy filtered resources.
2020-02-20 15:44:31,923 [Worker-13: Building] INFO  o.e.m.c.i.embedder.EclipseLogger - skip non existing resourceDirectory C:\Users\GISIORA\Desktop\git\CloudItPracticalApp-master\InterviewPractical\src\test\resources
2020-02-20 15:44:38,021 [Worker-19: Building] INFO  o.e.m.c.i.embedder.EclipseLogger - Using 'UTF-8' encoding to copy filtered resources.
2020-02-20 15:44:38,022 [Worker-19: Building] INFO  o.e.m.c.i.embedder.EclipseLogger - Copying 0 resource
2020-02-20 15:44:38,023 [Worker-19: Building] INFO  o.e.m.c.i.embedder.EclipseLogger - Copying 1 resource
2020-02-20 15:44:38,032 [Worker-19: Building] INFO  o.e.m.c.i.embedder.EclipseLogger - Using 'UTF-8' encoding to copy filtered resources.
2020-02-20 15:44:38,032 [Worker-19: Building] INFO  o.e.m.c.i.embedder.EclipseLogger - skip non existing resourceDirectory C:\Users\GISIORA\Desktop\git\CloudItPracticalApp-master\InterviewPractical\src\test\resources
2020-02-20 15:49:29,314 [Worker-3: Loading available Gradle versions] INFO  o.e.b.c.i.u.g.PublishedGradleVersions - Gradle version information cache is up-to-date. Trying to read.
2020-02-20 15:49:53,249 [Worker-9: Building] INFO  o.e.m.c.i.embedder.EclipseLogger - Using 'UTF-8' encoding to copy filtered resources.
2020-02-20 15:49:53,261 [Worker-9: Building] INFO  o.e.m.c.i.embedder.EclipseLogger - Copying 1 resource
2020-02-20 15:49:53,293 [Worker-9: Building] INFO  o.e.m.c.i.embedder.EclipseLogger - Copying 12 resources
2020-02-20 15:49:53,575 [Worker-9: Building] INFO  o.e.m.c.i.embedder.EclipseLogger - Using 'UTF-8' encoding to copy filtered resources.
2020-02-20 15:49:53,575 [Worker-9: Building] INFO  o.e.m.c.i.embedder.EclipseLogger - skip non existing resourceDirectory C:\Users\GISIORA\Desktop\git\CloudItPracticalApp-master\InterviewPractical\src\test\resources
2020-02-20 16:05:07,200 [Worker-14: Building] INFO  o.e.m.c.i.embedder.EclipseLogger - Using 'UTF-8' encoding to copy filtered resources.
2020-02-20 16:05:07,282 [Worker-14: Building] INFO  o.e.m.c.i.embedder.EclipseLogger - Copying 0 resource
2020-02-20 16:05:07,283 [Worker-14: Building] INFO  o.e.m.c.i.embedder.EclipseLogger - Copying 1 resource
2020-02-20 16:05:07,293 [Worker-14: Building] INFO  o.e.m.c.i.embedder.EclipseLogger - Using 'UTF-8' encoding to copy filtered resources.
2020-02-20 16:05:07,293 [Worker-14: Building] INFO  o.e.m.c.i.embedder.EclipseLogger - skip non existing resourceDirectory C:\Users\GISIORA\Desktop\git\CloudItPracticalApp-master\InterviewPractical\src\test\resources
2020-02-20 23:45:47,353 [Worker-1: Loading available Gradle versions] INFO  o.e.b.c.i.u.g.PublishedGradleVersions - Gradle version information cache is up-to-date. Trying to read.
2020-02-20 23:46:24,791 [Worker-0: Building] INFO  o.e.m.c.i.embedder.EclipseLogger - Using 'UTF-8' encoding to copy filtered resources.
2020-02-20 23:46:24,801 [Worker-0: Building] INFO  o.e.m.c.i.embedder.EclipseLogger - Copying 1 resource
2020-02-20 23:46:24,860 [Worker-0: Building] INFO  o.e.m.c.i.embedder.EclipseLogger - Copying 12 resources
2020-02-20 23:46:25,196 [Worker-0: Building] INFO  o.e.m.c.i.embedder.EclipseLogger - Using 'UTF-8' encoding to copy filtered resources.
2020-02-20 23:46:25,197 [Worker-0: Building] INFO  o.e.m.c.i.embedder.EclipseLogger - skip non existing resourceDirectory C:\Users\GISIORA\Desktop\git\CloudItPracticalApp-master\InterviewPractical\src\test\resources
2020-02-21 01:19:00,849 [Worker-13: Building] INFO  o.e.m.c.i.embedder.EclipseLogger - Using 'UTF-8' encoding to copy filtered resources.
2020-02-21 01:19:01,179 [Worker-13: Building] INFO  o.e.m.c.i.embedder.EclipseLogger - Copying 0 resource
2020-02-21 01:19:01,181 [Worker-13: Building] INFO  o.e.m.c.i.embedder.EclipseLogger - Copying 0 resource
2020-02-21 01:19:01,194 [Worker-13: Building] INFO  o.e.m.c.i.embedder.EclipseLogger - Using 'UTF-8' encoding to copy filtered resources.
2020-02-21 01:19:01,195 [Worker-13: Building] INFO  o.e.m.c.i.embedder.EclipseLogger - skip non existing resourceDirectory C:\Users\GISIORA\Desktop\git\CloudItPracticalApp-master\InterviewPractical\src\test\resources
2020-02-21 01:19:05,683 [Worker-13: Building] INFO  o.e.m.c.i.embedder.EclipseLogger - Using 'UTF-8' encoding to copy filtered resources.
2020-02-21 01:19:05,684 [Worker-13: Building] INFO  o.e.m.c.i.embedder.EclipseLogger - Copying 0 resource
2020-02-21 01:19:05,685 [Worker-13: Building] INFO  o.e.m.c.i.embedder.EclipseLogger - Copying 0 resource
2020-02-21 01:19:05,698 [Worker-13: Building] INFO  o.e.m.c.i.embedder.EclipseLogger - Using 'UTF-8' encoding to copy filtered resources.
2020-02-21 01:19:05,698 [Worker-13: Building] INFO  o.e.m.c.i.embedder.EclipseLogger - skip non existing resourceDirectory C:\Users\GISIORA\Desktop\git\CloudItPracticalApp-master\InterviewPractical\src\test\resources
2020-02-21 01:19:14,019 [Worker-19: Building] INFO  o.e.m.c.i.embedder.EclipseLogger - Using 'UTF-8' encoding to copy filtered resources.
2020-02-21 01:19:14,019 [Worker-19: Building] INFO  o.e.m.c.i.embedder.EclipseLogger - Copying 0 resource
2020-02-21 01:19:14,020 [Worker-19: Building] INFO  o.e.m.c.i.embedder.EclipseLogger - Copying 0 resource
2020-02-21 01:19:14,025 [Worker-19: Building] INFO  o.e.m.c.i.embedder.EclipseLogger - Using 'UTF-8' encoding to copy filtered resources.
2020-02-21 01:19:14,026 [Worker-19: Building] INFO  o.e.m.c.i.embedder.EclipseLogger - skip non existing resourceDirectory C:\Users\GISIORA\Desktop\git\CloudItPracticalApp-master\InterviewPractical\src\test\resources
2020-02-21 01:19:23,017 [Worker-13: Building] INFO  o.e.m.c.i.embedder.EclipseLogger - Using 'UTF-8' encoding to copy filtered resources.
2020-02-21 01:19:23,018 [Worker-13: Building] INFO  o.e.m.c.i.embedder.EclipseLogger - Copying 0 resource
2020-02-21 01:19:23,019 [Worker-13: Building] INFO  o.e.m.c.i.embedder.EclipseLogger - Copying 0 resource
2020-02-21 01:19:23,025 [Worker-13: Building] INFO  o.e.m.c.i.embedder.EclipseLogger - Using 'UTF-8' encoding to copy filtered resources.
2020-02-21 01:19:23,025 [Worker-13: Building] INFO  o.e.m.c.i.embedder.EclipseLogger - skip non existing resourceDirectory C:\Users\GISIORA\Desktop\git\CloudItPracticalApp-master\InterviewPractical\src\test\resources
2020-02-21 01:19:29,143 [Worker-13: Building] INFO  o.e.m.c.i.embedder.EclipseLogger - Using 'UTF-8' encoding to copy filtered resources.
2020-02-21 01:19:29,144 [Worker-13: Building] INFO  o.e.m.c.i.embedder.EclipseLogger - Copying 0 resource
2020-02-21 01:19:29,144 [Worker-13: Building] INFO  o.e.m.c.i.embedder.EclipseLogger - Copying 0 resource
2020-02-21 01:19:29,149 [Worker-13: Building] INFO  o.e.m.c.i.embedder.EclipseLogger - Using 'UTF-8' encoding to copy filtered resources.
2020-02-21 01:19:29,150 [Worker-13: Building] INFO  o.e.m.c.i.embedder.EclipseLogger - skip non existing resourceDirectory C:\Users\GISIORA\Desktop\git\CloudItPracticalApp-master\InterviewPractical\src\test\resources
2020-02-21 01:19:35,133 [Worker-20: Building] INFO  o.e.m.c.i.embedder.EclipseLogger - Using 'UTF-8' encoding to copy filtered resources.
2020-02-21 01:19:35,135 [Worker-20: Building] INFO  o.e.m.c.i.embedder.EclipseLogger - Copying 0 resource
2020-02-21 01:19:35,136 [Worker-20: Building] INFO  o.e.m.c.i.embedder.EclipseLogger - Copying 0 resource
2020-02-21 01:19:35,141 [Worker-20: Building] INFO  o.e.m.c.i.embedder.EclipseLogger - Using 'UTF-8' encoding to copy filtered resources.
2020-02-21 01:19:35,141 [Worker-20: Building] INFO  o.e.m.c.i.embedder.EclipseLogger - skip non existing resourceDirectory C:\Users\GISIORA\Desktop\git\CloudItPracticalApp-master\InterviewPractical\src\test\resources
2020-02-21 01:21:03,022 [Worker-19: Building] INFO  o.e.m.c.i.embedder.EclipseLogger - Using 'UTF-8' encoding to copy filtered resources.
2020-02-21 01:21:03,040 [Worker-19: Building] INFO  o.e.m.c.i.embedder.EclipseLogger - Copying 0 resource
2020-02-21 01:21:03,196 [Worker-19: Building] INFO  o.e.m.c.i.embedder.EclipseLogger - Copying 861 resources
2020-02-21 01:21:16,286 [Worker-19: Building] INFO  o.e.m.c.i.embedder.EclipseLogger - Using 'UTF-8' encoding to copy filtered resources.
2020-02-21 01:21:16,287 [Worker-19: Building] INFO  o.e.m.c.i.embedder.EclipseLogger - skip non existing resourceDirectory C:\Users\GISIORA\Desktop\git\CloudItPracticalApp-master\InterviewPractical\src\test\resources
2020-02-21 01:21:54,191 [Worker-20: Building] INFO  o.e.m.c.i.embedder.EclipseLogger - Using 'UTF-8' encoding to copy filtered resources.
2020-02-21 01:21:54,192 [Worker-20: Building] INFO  o.e.m.c.i.embedder.EclipseLogger - Copying 0 resource
2020-02-21 01:21:54,193 [Worker-20: Building] INFO  o.e.m.c.i.embedder.EclipseLogger - Copying 15 resources
2020-02-21 01:21:54,372 [Worker-20: Building] INFO  o.e.m.c.i.embedder.EclipseLogger - Using 'UTF-8' encoding to copy filtered resources.
2020-02-21 01:21:54,372 [Worker-20: Building] INFO  o.e.m.c.i.embedder.EclipseLogger - skip non existing resourceDirectory C:\Users\GISIORA\Desktop\git\CloudItPracticalApp-master\InterviewPractical\src\test\resources
2020-02-21 01:23:24,377 [Worker-24: Launching InterviewPractical - InterviewPracticalApplication] INFO  o.e.m.c.i.embedder.EclipseLogger - Using 'UTF-8' encoding to copy filtered resources.
2020-02-21 01:23:25,243 [Worker-24: Launching InterviewPractical - InterviewPracticalApplication] INFO  o.e.m.c.i.embedder.EclipseLogger - Copying 1 resource
2020-02-21 01:23:25,405 [Worker-24: Launching InterviewPractical - InterviewPracticalApplication] INFO  o.e.m.c.i.embedder.EclipseLogger - Copying 882 resources
2020-02-21 01:23:26,445 [Worker-24: Launching InterviewPractical - InterviewPracticalApplication] INFO  o.e.m.c.i.embedder.EclipseLogger - Using 'UTF-8' encoding to copy filtered resources.
2020-02-21 01:23:26,446 [Worker-24: Launching InterviewPractical - InterviewPracticalApplication] INFO  o.e.m.c.i.embedder.EclipseLogger - skip non existing resourceDirectory C:\Users\GISIORA\Desktop\git\CloudItPracticalApp-master\InterviewPractical\src\test\resources
2020-02-21 01:39:25,847 [Worker-22: Building] INFO  o.e.m.c.i.embedder.EclipseLogger - Using 'UTF-8' encoding to copy filtered resources.
2020-02-21 01:39:25,849 [Worker-22: Building] INFO  o.e.m.c.i.embedder.EclipseLogger - Copying 0 resource
2020-02-21 01:39:25,849 [Worker-22: Building] INFO  o.e.m.c.i.embedder.EclipseLogger - Copying 1 resource
2020-02-21 01:39:25,873 [Worker-22: Building] INFO  o.e.m.c.i.embedder.EclipseLogger - Using 'UTF-8' encoding to copy filtered resources.
2020-02-21 01:39:25,874 [Worker-22: Building] INFO  o.e.m.c.i.embedder.EclipseLogger - skip non existing resourceDirectory C:\Users\GISIORA\Desktop\git\CloudItPracticalApp-master\InterviewPractical\src\test\resources
2020-02-21 01:45:22,614 [Worker-27: Building] INFO  o.e.m.c.i.embedder.EclipseLogger - Using 'UTF-8' encoding to copy filtered resources.
2020-02-21 01:45:22,614 [Worker-27: Building] INFO  o.e.m.c.i.embedder.EclipseLogger - Copying 0 resource
2020-02-21 01:45:22,615 [Worker-27: Building] INFO  o.e.m.c.i.embedder.EclipseLogger - Copying 1 resource
2020-02-21 01:45:22,644 [Worker-27: Building] INFO  o.e.m.c.i.embedder.EclipseLogger - Using 'UTF-8' encoding to copy filtered resources.
2020-02-21 01:45:22,644 [Worker-27: Building] INFO  o.e.m.c.i.embedder.EclipseLogger - skip non existing resourceDirectory C:\Users\GISIORA\Desktop\git\CloudItPracticalApp-master\InterviewPractical\src\test\resources
2020-02-21 01:48:58,714 [Worker-33: Launching InterviewPractical - InterviewPracticalApplication] INFO  o.e.m.c.i.embedder.EclipseLogger - Using 'UTF-8' encoding to copy filtered resources.
2020-02-21 01:48:58,714 [Worker-33: Launching InterviewPractical - InterviewPracticalApplication] INFO  o.e.m.c.i.embedder.EclipseLogger - Copying 0 resource
2020-02-21 01:48:58,715 [Worker-33: Launching InterviewPractical - InterviewPracticalApplication] INFO  o.e.m.c.i.embedder.EclipseLogger - Copying 1 resource
2020-02-21 01:48:58,740 [Worker-33: Launching InterviewPractical - InterviewPracticalApplication] INFO  o.e.m.c.i.embedder.EclipseLogger - Using 'UTF-8' encoding to copy filtered resources.
2020-02-21 01:48:58,740 [Worker-33: Launching InterviewPractical - InterviewPracticalApplication] INFO  o.e.m.c.i.embedder.EclipseLogger - skip non existing resourceDirectory C:\Users\GISIORA\Desktop\git\CloudItPracticalApp-master\InterviewPractical\src\test\resources
2020-02-21 01:54:17,707 [Worker-13: Building] INFO  o.e.m.c.i.embedder.EclipseLogger - Using 'UTF-8' encoding to copy filtered resources.
2020-02-21 01:54:17,707 [Worker-13: Building] INFO  o.e.m.c.i.embedder.EclipseLogger - Copying 0 resource
2020-02-21 01:54:17,707 [Worker-13: Building] INFO  o.e.m.c.i.embedder.EclipseLogger - Copying 0 resource
2020-02-21 01:54:17,711 [Worker-13: Building] INFO  o.e.m.c.i.embedder.EclipseLogger - Using 'UTF-8' encoding to copy filtered resources.
2020-02-21 01:54:17,711 [Worker-13: Building] INFO  o.e.m.c.i.embedder.EclipseLogger - skip non existing resourceDirectory C:\Users\GISIORA\Desktop\git\CloudItPracticalApp-master\InterviewPractical\src\test\resources
2020-02-21 01:55:50,670 [Worker-13: Building] INFO  o.e.m.c.i.embedder.EclipseLogger - Using 'UTF-8' encoding to copy filtered resources.
2020-02-21 01:55:50,671 [Worker-13: Building] INFO  o.e.m.c.i.embedder.EclipseLogger - Copying 0 resource
2020-02-21 01:55:50,671 [Worker-13: Building] INFO  o.e.m.c.i.embedder.EclipseLogger - Copying 1 resource
2020-02-21 01:55:50,680 [Worker-13: Building] INFO  o.e.m.c.i.embedder.EclipseLogger - Using 'UTF-8' encoding to copy filtered resources.
2020-02-21 01:55:50,680 [Worker-13: Building] INFO  o.e.m.c.i.embedder.EclipseLogger - skip non existing resourceDirectory C:\Users\GISIORA\Desktop\git\CloudItPracticalApp-master\InterviewPractical\src\test\resources
2020-02-21 01:56:47,017 [Worker-13: Building] INFO  o.e.m.c.i.embedder.EclipseLogger - Using 'UTF-8' encoding to copy filtered resources.
2020-02-21 01:56:47,017 [Worker-13: Building] INFO  o.e.m.c.i.embedder.EclipseLogger - Copying 0 resource
2020-02-21 01:56:47,018 [Worker-13: Building] INFO  o.e.m.c.i.embedder.EclipseLogger - Copying 3 resources
2020-02-21 01:56:47,029 [Worker-13: Building] INFO  o.e.m.c.i.embedder.EclipseLogger - Using 'UTF-8' encoding to copy filtered resources.
2020-02-21 01:56:47,030 [Worker-13: Building] INFO  o.e.m.c.i.embedder.EclipseLogger - skip non existing resourceDirectory C:\Users\GISIORA\Desktop\git\CloudItPracticalApp-master\InterviewPractical\src\test\resources
2020-02-21 01:57:29,573 [Worker-36: Launching InterviewPractical - InterviewPracticalApplication] INFO  o.e.m.c.i.embedder.EclipseLogger - Using 'UTF-8' encoding to copy filtered resources.
2020-02-21 01:57:29,574 [Worker-36: Launching InterviewPractical - InterviewPracticalApplication] INFO  o.e.m.c.i.embedder.EclipseLogger - Copying 0 resource
2020-02-21 01:57:29,575 [Worker-36: Launching InterviewPractical - InterviewPracticalApplication] INFO  o.e.m.c.i.embedder.EclipseLogger - Copying 1 resource
2020-02-21 01:57:29,626 [Worker-36: Launching InterviewPractical - InterviewPracticalApplication] INFO  o.e.m.c.i.embedder.EclipseLogger - Using 'UTF-8' encoding to copy filtered resources.
2020-02-21 01:57:29,627 [Worker-36: Launching InterviewPractical - InterviewPracticalApplication] INFO  o.e.m.c.i.embedder.EclipseLogger - skip non existing resourceDirectory C:\Users\GISIORA\Desktop\git\CloudItPracticalApp-master\InterviewPractical\src\test\resources
2020-02-21 01:59:40,121 [Worker-44: Launching InterviewPractical - InterviewPracticalApplication] INFO  o.e.m.c.i.embedder.EclipseLogger - Using 'UTF-8' encoding to copy filtered resources.
2020-02-21 01:59:40,122 [Worker-44: Launching InterviewPractical - InterviewPracticalApplication] INFO  o.e.m.c.i.embedder.EclipseLogger - Copying 0 resource
2020-02-21 01:59:40,123 [Worker-44: Launching InterviewPractical - InterviewPracticalApplication] INFO  o.e.m.c.i.embedder.EclipseLogger - Copying 1 resource
2020-02-21 01:59:40,161 [Worker-44: Launching InterviewPractical - InterviewPracticalApplication] INFO  o.e.m.c.i.embedder.EclipseLogger - Using 'UTF-8' encoding to copy filtered resources.
2020-02-21 01:59:40,161 [Worker-44: Launching InterviewPractical - InterviewPracticalApplication] INFO  o.e.m.c.i.embedder.EclipseLogger - skip non existing resourceDirectory C:\Users\GISIORA\Desktop\git\CloudItPracticalApp-master\InterviewPractical\src\test\resources
2020-02-21 02:01:12,502 [Worker-42: Launching InterviewPractical - InterviewPracticalApplication] INFO  o.e.m.c.i.embedder.EclipseLogger - Using 'UTF-8' encoding to copy filtered resources.
2020-02-21 02:01:12,503 [Worker-42: Launching InterviewPractical - InterviewPracticalApplication] INFO  o.e.m.c.i.embedder.EclipseLogger - Copying 0 resource
2020-02-21 02:01:12,503 [Worker-42: Launching InterviewPractical - InterviewPracticalApplication] INFO  o.e.m.c.i.embedder.EclipseLogger - Copying 1 resource
2020-02-21 02:01:12,550 [Worker-42: Launching InterviewPractical - InterviewPracticalApplication] INFO  o.e.m.c.i.embedder.EclipseLogger - Using 'UTF-8' encoding to copy filtered resources.
2020-02-21 02:01:12,550 [Worker-42: Launching InterviewPractical - InterviewPracticalApplication] INFO  o.e.m.c.i.embedder.EclipseLogger - skip non existing resourceDirectory C:\Users\GISIORA\Desktop\git\CloudItPracticalApp-master\InterviewPractical\src\test\resources
2020-02-21 02:04:53,761 [Worker-44: Building] INFO  o.e.m.c.i.embedder.EclipseLogger - Using 'UTF-8' encoding to copy filtered resources.
2020-02-21 02:04:53,762 [Worker-44: Building] INFO  o.e.m.c.i.embedder.EclipseLogger - Copying 0 resource
2020-02-21 02:04:53,763 [Worker-44: Building] INFO  o.e.m.c.i.embedder.EclipseLogger - Copying 1 resource
2020-02-21 02:04:53,819 [Worker-44: Building] INFO  o.e.m.c.i.embedder.EclipseLogger - Using 'UTF-8' encoding to copy filtered resources.
2020-02-21 02:04:53,819 [Worker-44: Building] INFO  o.e.m.c.i.embedder.EclipseLogger - skip non existing resourceDirectory C:\Users\GISIORA\Desktop\git\CloudItPracticalApp-master\InterviewPractical\src\test\resources
2020-02-21 02:11:50,397 [Worker-50: Building] INFO  o.e.m.c.i.embedder.EclipseLogger - Using 'UTF-8' encoding to copy filtered resources.
2020-02-21 02:11:50,397 [Worker-50: Building] INFO  o.e.m.c.i.embedder.EclipseLogger - Copying 0 resource
2020-02-21 02:11:50,398 [Worker-50: Building] INFO  o.e.m.c.i.embedder.EclipseLogger - Copying 1 resource
2020-02-21 02:11:50,428 [Worker-50: Building] INFO  o.e.m.c.i.embedder.EclipseLogger - Using 'UTF-8' encoding to copy filtered resources.
2020-02-21 02:11:50,428 [Worker-50: Building] INFO  o.e.m.c.i.embedder.EclipseLogger - skip non existing resourceDirectory C:\Users\GISIORA\Desktop\git\CloudItPracticalApp-master\InterviewPractical\src\test\resources
2020-02-21 02:11:50,534 [Worker-52: Launching InterviewPractical - InterviewPracticalApplication] INFO  o.e.m.c.i.embedder.EclipseLogger - Using 'UTF-8' encoding to copy filtered resources.
2020-02-21 02:11:50,534 [Worker-52: Launching InterviewPractical - InterviewPracticalApplication] INFO  o.e.m.c.i.embedder.EclipseLogger - Copying 0 resource
2020-02-21 02:11:50,535 [Worker-52: Launching InterviewPractical - InterviewPracticalApplication] INFO  o.e.m.c.i.embedder.EclipseLogger - Copying 1 resource
2020-02-21 02:11:50,553 [Worker-52: Launching InterviewPractical - InterviewPracticalApplication] INFO  o.e.m.c.i.embedder.EclipseLogger - Using 'UTF-8' encoding to copy filtered resources.
2020-02-21 02:11:50,553 [Worker-52: Launching InterviewPractical - InterviewPracticalApplication] INFO  o.e.m.c.i.embedder.EclipseLogger - skip non existing resourceDirectory C:\Users\GISIORA\Desktop\git\CloudItPracticalApp-master\InterviewPractical\src\test\resources
2020-02-21 02:12:30,317 [Worker-52: Launching InterviewPractical - InterviewPracticalApplication] INFO  o.e.m.c.i.embedder.EclipseLogger - Using 'UTF-8' encoding to copy filtered resources.
2020-02-21 02:12:30,320 [Worker-52: Launching InterviewPractical - InterviewPracticalApplication] INFO  o.e.m.c.i.embedder.EclipseLogger - Copying 0 resource
2020-02-21 02:12:30,321 [Worker-52: Launching InterviewPractical - InterviewPracticalApplication] INFO  o.e.m.c.i.embedder.EclipseLogger - Copying 1 resource
2020-02-21 02:12:30,361 [Worker-52: Launching InterviewPractical - InterviewPracticalApplication] INFO  o.e.m.c.i.embedder.EclipseLogger - Using 'UTF-8' encoding to copy filtered resources.
2020-02-21 02:12:30,362 [Worker-52: Launching InterviewPractical - InterviewPracticalApplication] INFO  o.e.m.c.i.embedder.EclipseLogger - skip non existing resourceDirectory C:\Users\GISIORA\Desktop\git\CloudItPracticalApp-master\InterviewPractical\src\test\resources
2020-02-21 02:31:31,031 [Worker-60: Launching InterviewPractical - InterviewPracticalApplication] INFO  o.e.m.c.i.embedder.EclipseLogger - Using 'UTF-8' encoding to copy filtered resources.
2020-02-21 02:31:31,222 [Worker-60: Launching InterviewPractical - InterviewPracticalApplication] INFO  o.e.m.c.i.embedder.EclipseLogger - Copying 1 resource
2020-02-21 02:31:31,323 [Worker-60: Launching InterviewPractical - InterviewPracticalApplication] INFO  o.e.m.c.i.embedder.EclipseLogger - Copying 885 resources
2020-02-21 02:31:31,444 [Worker-60: Launching InterviewPractical - InterviewPracticalApplication] INFO  o.e.m.c.i.embedder.EclipseLogger - Using 'UTF-8' encoding to copy filtered resources.
2020-02-21 02:31:31,445 [Worker-60: Launching InterviewPractical - InterviewPracticalApplication] INFO  o.e.m.c.i.embedder.EclipseLogger - skip non existing resourceDirectory C:\Users\GISIORA\Desktop\git\CloudItPracticalApp-master\InterviewPractical\src\test\resources
2020-02-21 02:34:54,186 [Worker-69: Launching InterviewPractical - InterviewPracticalApplication] INFO  o.e.m.c.i.embedder.EclipseLogger - Using 'UTF-8' encoding to copy filtered resources.
2020-02-21 02:34:54,189 [Worker-69: Launching InterviewPractical - InterviewPracticalApplication] INFO  o.e.m.c.i.embedder.EclipseLogger - Copying 0 resource
2020-02-21 02:34:54,190 [Worker-69: Launching InterviewPractical - InterviewPracticalApplication] INFO  o.e.m.c.i.embedder.EclipseLogger - Copying 1 resource
2020-02-21 02:34:54,218 [Worker-69: Launching InterviewPractical - InterviewPracticalApplication] INFO  o.e.m.c.i.embedder.EclipseLogger - Using 'UTF-8' encoding to copy filtered resources.
2020-02-21 02:34:54,218 [Worker-69: Launching InterviewPractical - InterviewPracticalApplication] INFO  o.e.m.c.i.embedder.EclipseLogger - skip non existing resourceDirectory C:\Users\GISIORA\Desktop\git\CloudItPracticalApp-master\InterviewPractical\src\test\resources
2020-02-21 02:36:18,935 [Worker-61: Launching InterviewPractical - InterviewPracticalApplication] INFO  o.e.m.c.i.embedder.EclipseLogger - Using 'UTF-8' encoding to copy filtered resources.
2020-02-21 02:36:18,936 [Worker-61: Launching InterviewPractical - InterviewPracticalApplication] INFO  o.e.m.c.i.embedder.EclipseLogger - Copying 0 resource
2020-02-21 02:36:18,940 [Worker-61: Launching InterviewPractical - InterviewPracticalApplication] INFO  o.e.m.c.i.embedder.EclipseLogger - Copying 1 resource
2020-02-21 02:36:18,964 [Worker-61: Launching InterviewPractical - InterviewPracticalApplication] INFO  o.e.m.c.i.embedder.EclipseLogger - Using 'UTF-8' encoding to copy filtered resources.
2020-02-21 02:36:18,964 [Worker-61: Launching InterviewPractical - InterviewPracticalApplication] INFO  o.e.m.c.i.embedder.EclipseLogger - skip non existing resourceDirectory C:\Users\GISIORA\Desktop\git\CloudItPracticalApp-master\InterviewPractical\src\test\resources
2020-02-21 02:38:38,666 [Worker-71: Launching InterviewPractical - InterviewPracticalApplication] INFO  o.e.m.c.i.embedder.EclipseLogger - Using 'UTF-8' encoding to copy filtered resources.
2020-02-21 02:38:38,666 [Worker-71: Launching InterviewPractical - InterviewPracticalApplication] INFO  o.e.m.c.i.embedder.EclipseLogger - Copying 0 resource
2020-02-21 02:38:38,667 [Worker-71: Launching InterviewPractical - InterviewPracticalApplication] INFO  o.e.m.c.i.embedder.EclipseLogger - Copying 1 resource
2020-02-21 02:38:38,726 [Worker-71: Launching InterviewPractical - InterviewPracticalApplication] INFO  o.e.m.c.i.embedder.EclipseLogger - Using 'UTF-8' encoding to copy filtered resources.
2020-02-21 02:38:38,726 [Worker-71: Launching InterviewPractical - InterviewPracticalApplication] INFO  o.e.m.c.i.embedder.EclipseLogger - skip non existing resourceDirectory C:\Users\GISIORA\Desktop\git\CloudItPracticalApp-master\InterviewPractical\src\test\resources
2020-02-21 02:40:58,568 [Worker-63: Launching InterviewPractical - InterviewPracticalApplication] INFO  o.e.m.c.i.embedder.EclipseLogger - Using 'UTF-8' encoding to copy filtered resources.
2020-02-21 02:40:58,569 [Worker-63: Launching InterviewPractical - InterviewPracticalApplication] INFO  o.e.m.c.i.embedder.EclipseLogger - Copying 0 resource
2020-02-21 02:40:58,569 [Worker-63: Launching InterviewPractical - InterviewPracticalApplication] INFO  o.e.m.c.i.embedder.EclipseLogger - Copying 1 resource
2020-02-21 02:40:58,580 [Worker-63: Launching InterviewPractical - InterviewPracticalApplication] INFO  o.e.m.c.i.embedder.EclipseLogger - Using 'UTF-8' encoding to copy filtered resources.
2020-02-21 02:40:58,580 [Worker-63: Launching InterviewPractical - InterviewPracticalApplication] INFO  o.e.m.c.i.embedder.EclipseLogger - skip non existing resourceDirectory C:\Users\GISIORA\Desktop\git\CloudItPracticalApp-master\InterviewPractical\src\test\resources
2020-02-21 02:43:08,274 [Worker-74: Building] INFO  o.e.m.c.i.embedder.EclipseLogger - Using 'UTF-8' encoding to copy filtered resources.
2020-02-21 02:43:08,275 [Worker-74: Building] INFO  o.e.m.c.i.embedder.EclipseLogger - Copying 0 resource
2020-02-21 02:43:08,276 [Worker-74: Building] INFO  o.e.m.c.i.embedder.EclipseLogger - Copying 2 resources
2020-02-21 02:43:08,312 [Worker-74: Building] INFO  o.e.m.c.i.embedder.EclipseLogger - Using 'UTF-8' encoding to copy filtered resources.
2020-02-21 02:43:08,312 [Worker-74: Building] INFO  o.e.m.c.i.embedder.EclipseLogger - skip non existing resourceDirectory C:\Users\GISIORA\Desktop\git\CloudItPracticalApp-master\InterviewPractical\src\test\resources
2020-02-21 02:43:31,112 [Worker-68: Building] INFO  o.e.m.c.i.embedder.EclipseLogger - Using 'UTF-8' encoding to copy filtered resources.
2020-02-21 02:43:31,112 [Worker-68: Building] INFO  o.e.m.c.i.embedder.EclipseLogger - Copying 0 resource
2020-02-21 02:43:31,113 [Worker-68: Building] INFO  o.e.m.c.i.embedder.EclipseLogger - Copying 1 resource
2020-02-21 02:43:31,136 [Worker-68: Building] INFO  o.e.m.c.i.embedder.EclipseLogger - Using 'UTF-8' encoding to copy filtered resources.
2020-02-21 02:43:31,137 [Worker-68: Building] INFO  o.e.m.c.i.embedder.EclipseLogger - skip non existing resourceDirectory C:\Users\GISIORA\Desktop\git\CloudItPracticalApp-master\InterviewPractical\src\test\resources
2020-02-21 02:44:15,326 [Worker-63: Building] INFO  o.e.m.c.i.embedder.EclipseLogger - Using 'UTF-8' encoding to copy filtered resources.
2020-02-21 02:44:15,328 [Worker-63: Building] INFO  o.e.m.c.i.embedder.EclipseLogger - Copying 0 resource
2020-02-21 02:44:15,329 [Worker-63: Building] INFO  o.e.m.c.i.embedder.EclipseLogger - Copying 1 resource
2020-02-21 02:44:15,377 [Worker-63: Building] INFO  o.e.m.c.i.embedder.EclipseLogger - Using 'UTF-8' encoding to copy filtered resources.
2020-02-21 02:44:15,377 [Worker-63: Building] INFO  o.e.m.c.i.embedder.EclipseLogger - skip non existing resourceDirectory C:\Users\GISIORA\Desktop\git\CloudItPracticalApp-master\InterviewPractical\src\test\resources
2020-02-21 02:54:38,929 [Worker-77: Building] INFO  o.e.m.c.i.embedder.EclipseLogger - Using 'UTF-8' encoding to copy filtered resources.
2020-02-21 02:54:38,930 [Worker-77: Building] INFO  o.e.m.c.i.embedder.EclipseLogger - Copying 0 resource
2020-02-21 02:54:38,945 [Worker-77: Building] INFO  o.e.m.c.i.embedder.EclipseLogger - Copying 1 resource
2020-02-21 02:54:38,993 [Worker-77: Building] INFO  o.e.m.c.i.embedder.EclipseLogger - Using 'UTF-8' encoding to copy filtered resources.
2020-02-21 02:54:38,994 [Worker-77: Building] INFO  o.e.m.c.i.embedder.EclipseLogger - skip non existing resourceDirectory C:\Users\GISIORA\Desktop\git\CloudItPracticalApp-master\InterviewPractical\src\test\resources
2020-02-21 03:01:08,432 [Worker-82: Launching InterviewPractical - InterviewPracticalApplication] INFO  o.e.m.c.i.embedder.EclipseLogger - Using 'UTF-8' encoding to copy filtered resources.
2020-02-21 03:01:08,433 [Worker-82: Launching InterviewPractical - InterviewPracticalApplication] INFO  o.e.m.c.i.embedder.EclipseLogger - Copying 0 resource
2020-02-21 03:01:08,434 [Worker-82: Launching InterviewPractical - InterviewPracticalApplication] INFO  o.e.m.c.i.embedder.EclipseLogger - Copying 1 resource
2020-02-21 03:01:08,442 [Worker-82: Launching InterviewPractical - InterviewPracticalApplication] INFO  o.e.m.c.i.embedder.EclipseLogger - Using 'UTF-8' encoding to copy filtered resources.
2020-02-21 03:01:08,442 [Worker-82: Launching InterviewPractical - InterviewPracticalApplication] INFO  o.e.m.c.i.embedder.EclipseLogger - skip non existing resourceDirectory C:\Users\GISIORA\Desktop\git\CloudItPracticalApp-master\InterviewPractical\src\test\resources
2020-02-21 03:03:24,430 [Worker-87: Building] INFO  o.e.m.c.i.embedder.EclipseLogger - Using 'UTF-8' encoding to copy filtered resources.
2020-02-21 03:03:24,431 [Worker-87: Building] INFO  o.e.m.c.i.embedder.EclipseLogger - Copying 0 resource
2020-02-21 03:03:24,431 [Worker-87: Building] INFO  o.e.m.c.i.embedder.EclipseLogger - Copying 1 resource
2020-02-21 03:03:24,439 [Worker-87: Building] INFO  o.e.m.c.i.embedder.EclipseLogger - Using 'UTF-8' encoding to copy filtered resources.
2020-02-21 03:03:24,439 [Worker-87: Building] INFO  o.e.m.c.i.embedder.EclipseLogger - skip non existing resourceDirectory C:\Users\GISIORA\Desktop\git\CloudItPracticalApp-master\InterviewPractical\src\test\resources
2020-02-21 03:22:26,610 [Worker-87: Building] INFO  o.e.m.c.i.embedder.EclipseLogger - Using 'UTF-8' encoding to copy filtered resources.
2020-02-21 03:22:26,675 [Worker-87: Building] INFO  o.e.m.c.i.embedder.EclipseLogger - Copying 0 resource
2020-02-21 03:22:26,676 [Worker-87: Building] INFO  o.e.m.c.i.embedder.EclipseLogger - Copying 1 resource
2020-02-21 03:22:26,785 [Worker-87: Building] INFO  o.e.m.c.i.embedder.EclipseLogger - Using 'UTF-8' encoding to copy filtered resources.
2020-02-21 03:22:26,785 [Worker-87: Building] INFO  o.e.m.c.i.embedder.EclipseLogger - skip non existing resourceDirectory C:\Users\GISIORA\Desktop\git\CloudItPracticalApp-master\InterviewPractical\src\test\resources
2020-02-21 03:24:20,490 [Worker-90: Building] INFO  o.e.m.c.i.embedder.EclipseLogger - Using 'UTF-8' encoding to copy filtered resources.
2020-02-21 03:24:20,491 [Worker-90: Building] INFO  o.e.m.c.i.embedder.EclipseLogger - Copying 0 resource
2020-02-21 03:24:20,491 [Worker-90: Building] INFO  o.e.m.c.i.embedder.EclipseLogger - Copying 1 resource
2020-02-21 03:24:20,595 [Worker-90: Building] INFO  o.e.m.c.i.embedder.EclipseLogger - Using 'UTF-8' encoding to copy filtered resources.
2020-02-21 03:24:20,596 [Worker-90: Building] INFO  o.e.m.c.i.embedder.EclipseLogger - skip non existing resourceDirectory C:\Users\GISIORA\Desktop\git\CloudItPracticalApp-master\InterviewPractical\src\test\resources
2020-02-21 03:27:16,422 [Worker-92: Building] INFO  o.e.m.c.i.embedder.EclipseLogger - Using 'UTF-8' encoding to copy filtered resources.
2020-02-21 03:27:16,423 [Worker-92: Building] INFO  o.e.m.c.i.embedder.EclipseLogger - Copying 0 resource
2020-02-21 03:27:16,424 [Worker-92: Building] INFO  o.e.m.c.i.embedder.EclipseLogger - Copying 1 resource
2020-02-21 03:27:16,432 [Worker-92: Building] INFO  o.e.m.c.i.embedder.EclipseLogger - Using 'UTF-8' encoding to copy filtered resources.
2020-02-21 03:27:16,432 [Worker-92: Building] INFO  o.e.m.c.i.embedder.EclipseLogger - skip non existing resourceDirectory C:\Users\GISIORA\Desktop\git\CloudItPracticalApp-master\InterviewPractical\src\test\resources
2020-02-21 03:27:17,000 [Worker-90: Launching InterviewPractical - InterviewPracticalApplication] INFO  o.e.m.c.i.embedder.EclipseLogger - Using 'UTF-8' encoding to copy filtered resources.
2020-02-21 03:27:17,000 [Worker-90: Launching InterviewPractical - InterviewPracticalApplication] INFO  o.e.m.c.i.embedder.EclipseLogger - Copying 0 resource
2020-02-21 03:27:17,001 [Worker-90: Launching InterviewPractical - InterviewPracticalApplication] INFO  o.e.m.c.i.embedder.EclipseLogger - Copying 1 resource
2020-02-21 03:27:17,039 [Worker-90: Launching InterviewPractical - InterviewPracticalApplication] INFO  o.e.m.c.i.embedder.EclipseLogger - Using 'UTF-8' encoding to copy filtered resources.
2020-02-21 03:27:17,039 [Worker-90: Launching InterviewPractical - InterviewPracticalApplication] INFO  o.e.m.c.i.embedder.EclipseLogger - skip non existing resourceDirectory C:\Users\GISIORA\Desktop\git\CloudItPracticalApp-master\InterviewPractical\src\test\resources
2020-02-21 03:29:38,191 [Worker-101: Building] INFO  o.e.m.c.i.embedder.EclipseLogger - Using 'UTF-8' encoding to copy filtered resources.
2020-02-21 03:29:38,192 [Worker-101: Building] INFO  o.e.m.c.i.embedder.EclipseLogger - Copying 0 resource
2020-02-21 03:29:38,192 [Worker-101: Building] INFO  o.e.m.c.i.embedder.EclipseLogger - Copying 1 resource
2020-02-21 03:29:38,200 [Worker-101: Building] INFO  o.e.m.c.i.embedder.EclipseLogger - Using 'UTF-8' encoding to copy filtered resources.
2020-02-21 03:29:38,200 [Worker-101: Building] INFO  o.e.m.c.i.embedder.EclipseLogger - skip non existing resourceDirectory C:\Users\GISIORA\Desktop\git\CloudItPracticalApp-master\InterviewPractical\src\test\resources
2020-02-21 03:34:43,436 [Worker-101: Launching InterviewPractical - InterviewPracticalApplication] INFO  o.e.m.c.i.embedder.EclipseLogger - Using 'UTF-8' encoding to copy filtered resources.
2020-02-21 03:34:43,436 [Worker-101: Launching InterviewPractical - InterviewPracticalApplication] INFO  o.e.m.c.i.embedder.EclipseLogger - Copying 0 resource
2020-02-21 03:34:43,437 [Worker-101: Launching InterviewPractical - InterviewPracticalApplication] INFO  o.e.m.c.i.embedder.EclipseLogger - Copying 1 resource
2020-02-21 03:34:43,487 [Worker-101: Launching InterviewPractical - InterviewPracticalApplication] INFO  o.e.m.c.i.embedder.EclipseLogger - Using 'UTF-8' encoding to copy filtered resources.
2020-02-21 03:34:43,488 [Worker-101: Launching InterviewPractical - InterviewPracticalApplication] INFO  o.e.m.c.i.embedder.EclipseLogger - skip non existing resourceDirectory C:\Users\GISIORA\Desktop\git\CloudItPracticalApp-master\InterviewPractical\src\test\resources
2020-02-21 03:37:43,798 [Worker-105: Launching InterviewPractical - InterviewPracticalApplication] INFO  o.e.m.c.i.embedder.EclipseLogger - Using 'UTF-8' encoding to copy filtered resources.
2020-02-21 03:37:43,800 [Worker-105: Launching InterviewPractical - InterviewPracticalApplication] INFO  o.e.m.c.i.embedder.EclipseLogger - Copying 0 resource
2020-02-21 03:37:43,801 [Worker-105: Launching InterviewPractical - InterviewPracticalApplication] INFO  o.e.m.c.i.embedder.EclipseLogger - Copying 1 resource
2020-02-21 03:37:43,837 [Worker-105: Launching InterviewPractical - InterviewPracticalApplication] INFO  o.e.m.c.i.embedder.EclipseLogger - Using 'UTF-8' encoding to copy filtered resources.
2020-02-21 03:37:43,837 [Worker-105: Launching InterviewPractical - InterviewPracticalApplication] INFO  o.e.m.c.i.embedder.EclipseLogger - skip non existing resourceDirectory C:\Users\GISIORA\Desktop\git\CloudItPracticalApp-master\InterviewPractical\src\test\resources
2020-02-21 03:40:14,463 [Worker-104: Building] INFO  o.e.m.c.i.embedder.EclipseLogger - Using 'UTF-8' encoding to copy filtered resources.
2020-02-21 03:40:14,464 [Worker-104: Building] INFO  o.e.m.c.i.embedder.EclipseLogger - Copying 0 resource
2020-02-21 03:40:14,465 [Worker-104: Building] INFO  o.e.m.c.i.embedder.EclipseLogger - Copying 1 resource
2020-02-21 03:40:14,500 [Worker-104: Building] INFO  o.e.m.c.i.embedder.EclipseLogger - Using 'UTF-8' encoding to copy filtered resources.
2020-02-21 03:40:14,500 [Worker-104: Building] INFO  o.e.m.c.i.embedder.EclipseLogger - skip non existing resourceDirectory C:\Users\GISIORA\Desktop\git\CloudItPracticalApp-master\InterviewPractical\src\test\resources
2020-02-21 03:41:07,640 [Worker-114: Launching InterviewPractical - InterviewPracticalApplication] INFO  o.e.m.c.i.embedder.EclipseLogger - Using 'UTF-8' encoding to copy filtered resources.
2020-02-21 03:41:07,641 [Worker-114: Launching InterviewPractical - InterviewPracticalApplication] INFO  o.e.m.c.i.embedder.EclipseLogger - Copying 0 resource
2020-02-21 03:41:07,642 [Worker-114: Launching InterviewPractical - InterviewPracticalApplication] INFO  o.e.m.c.i.embedder.EclipseLogger - Copying 1 resource
2020-02-21 03:41:07,684 [Worker-114: Launching InterviewPractical - InterviewPracticalApplication] INFO  o.e.m.c.i.embedder.EclipseLogger - Using 'UTF-8' encoding to copy filtered resources.
2020-02-21 03:41:07,684 [Worker-114: Launching InterviewPractical - InterviewPracticalApplication] INFO  o.e.m.c.i.embedder.EclipseLogger - skip non existing resourceDirectory C:\Users\GISIORA\Desktop\git\CloudItPracticalApp-master\InterviewPractical\src\test\resources
2020-02-21 03:42:06,879 [Worker-114: Building] INFO  o.e.m.c.i.embedder.EclipseLogger - Using 'UTF-8' encoding to copy filtered resources.
2020-02-21 03:42:06,880 [Worker-114: Building] INFO  o.e.m.c.i.embedder.EclipseLogger - Copying 0 resource
2020-02-21 03:42:06,880 [Worker-114: Building] INFO  o.e.m.c.i.embedder.EclipseLogger - Copying 1 resource
2020-02-21 03:42:06,926 [Worker-114: Building] INFO  o.e.m.c.i.embedder.EclipseLogger - Using 'UTF-8' encoding to copy filtered resources.
2020-02-21 03:42:06,926 [Worker-114: Building] INFO  o.e.m.c.i.embedder.EclipseLogger - skip non existing resourceDirectory C:\Users\GISIORA\Desktop\git\CloudItPracticalApp-master\InterviewPractical\src\test\resources
2020-02-21 03:42:44,975 [Worker-115: Building] INFO  o.e.m.c.i.embedder.EclipseLogger - Using 'UTF-8' encoding to copy filtered resources.
2020-02-21 03:42:44,975 [Worker-115: Building] INFO  o.e.m.c.i.embedder.EclipseLogger - Copying 0 resource
2020-02-21 03:42:44,975 [Worker-115: Building] INFO  o.e.m.c.i.embedder.EclipseLogger - Copying 1 resource
2020-02-21 03:42:45,011 [Worker-115: Building] INFO  o.e.m.c.i.embedder.EclipseLogger - Using 'UTF-8' encoding to copy filtered resources.
2020-02-21 03:42:45,011 [Worker-115: Building] INFO  o.e.m.c.i.embedder.EclipseLogger - skip non existing resourceDirectory C:\Users\GISIORA\Desktop\git\CloudItPracticalApp-master\InterviewPractical\src\test\resources
2020-02-21 03:43:18,431 [Worker-113: Building] INFO  o.e.m.c.i.embedder.EclipseLogger - Using 'UTF-8' encoding to copy filtered resources.
2020-02-21 03:43:18,431 [Worker-113: Building] INFO  o.e.m.c.i.embedder.EclipseLogger - Copying 0 resource
2020-02-21 03:43:18,432 [Worker-113: Building] INFO  o.e.m.c.i.embedder.EclipseLogger - Copying 1 resource
2020-02-21 03:43:18,495 [Worker-113: Building] INFO  o.e.m.c.i.embedder.EclipseLogger - Using 'UTF-8' encoding to copy filtered resources.
2020-02-21 03:43:18,495 [Worker-113: Building] INFO  o.e.m.c.i.embedder.EclipseLogger - skip non existing resourceDirectory C:\Users\GISIORA\Desktop\git\CloudItPracticalApp-master\InterviewPractical\src\test\resources
2020-02-21 03:43:41,699 [Worker-103: Launching InterviewPractical - InterviewPracticalApplication] INFO  o.e.m.c.i.embedder.EclipseLogger - Using 'UTF-8' encoding to copy filtered resources.
2020-02-21 03:43:41,700 [Worker-103: Launching InterviewPractical - InterviewPracticalApplication] INFO  o.e.m.c.i.embedder.EclipseLogger - Copying 0 resource
2020-02-21 03:43:41,700 [Worker-103: Launching InterviewPractical - InterviewPracticalApplication] INFO  o.e.m.c.i.embedder.EclipseLogger - Copying 1 resource
2020-02-21 03:43:41,737 [Worker-103: Launching InterviewPractical - InterviewPracticalApplication] INFO  o.e.m.c.i.embedder.EclipseLogger - Using 'UTF-8' encoding to copy filtered resources.
2020-02-21 03:43:41,737 [Worker-103: Launching InterviewPractical - InterviewPracticalApplication] INFO  o.e.m.c.i.embedder.EclipseLogger - skip non existing resourceDirectory C:\Users\GISIORA\Desktop\git\CloudItPracticalApp-master\InterviewPractical\src\test\resources
2020-02-21 03:46:51,790 [Worker-117: Building] INFO  o.e.m.c.i.embedder.EclipseLogger - Using 'UTF-8' encoding to copy filtered resources.
2020-02-21 03:46:51,791 [Worker-117: Building] INFO  o.e.m.c.i.embedder.EclipseLogger - Copying 0 resource
2020-02-21 03:46:51,791 [Worker-117: Building] INFO  o.e.m.c.i.embedder.EclipseLogger - Copying 1 resource
2020-02-21 03:46:51,820 [Worker-117: Building] INFO  o.e.m.c.i.embedder.EclipseLogger - Using 'UTF-8' encoding to copy filtered resources.
2020-02-21 03:46:51,820 [Worker-117: Building] INFO  o.e.m.c.i.embedder.EclipseLogger - skip non existing resourceDirectory C:\Users\GISIORA\Desktop\git\CloudItPracticalApp-master\InterviewPractical\src\test\resources
2020-02-21 03:50:42,724 [Worker-113: Building] INFO  o.e.m.c.i.embedder.EclipseLogger - Using 'UTF-8' encoding to copy filtered resources.
2020-02-21 03:50:42,725 [Worker-113: Building] INFO  o.e.m.c.i.embedder.EclipseLogger - Copying 0 resource
2020-02-21 03:50:42,725 [Worker-113: Building] INFO  o.e.m.c.i.embedder.EclipseLogger - Copying 1 resource
2020-02-21 03:50:42,745 [Worker-113: Building] INFO  o.e.m.c.i.embedder.EclipseLogger - Using 'UTF-8' encoding to copy filtered resources.
2020-02-21 03:50:42,745 [Worker-113: Building] INFO  o.e.m.c.i.embedder.EclipseLogger - skip non existing resourceDirectory C:\Users\GISIORA\Desktop\git\CloudItPracticalApp-master\InterviewPractical\src\test\resources
2020-02-21 03:51:39,174 [Worker-118: Building] INFO  o.e.m.c.i.embedder.EclipseLogger - Using 'UTF-8' encoding to copy filtered resources.
2020-02-21 03:51:39,175 [Worker-118: Building] INFO  o.e.m.c.i.embedder.EclipseLogger - Copying 0 resource
2020-02-21 03:51:39,176 [Worker-118: Building] INFO  o.e.m.c.i.embedder.EclipseLogger - Copying 1 resource
2020-02-21 03:51:39,198 [Worker-118: Building] INFO  o.e.m.c.i.embedder.EclipseLogger - Using 'UTF-8' encoding to copy filtered resources.
2020-02-21 03:51:39,198 [Worker-118: Building] INFO  o.e.m.c.i.embedder.EclipseLogger - skip non existing resourceDirectory C:\Users\GISIORA\Desktop\git\CloudItPracticalApp-master\InterviewPractical\src\test\resources
2020-02-21 03:52:03,736 [Worker-123: Building] INFO  o.e.m.c.i.embedder.EclipseLogger - Using 'UTF-8' encoding to copy filtered resources.
2020-02-21 03:52:03,737 [Worker-123: Building] INFO  o.e.m.c.i.embedder.EclipseLogger - Copying 0 resource
2020-02-21 03:52:03,738 [Worker-123: Building] INFO  o.e.m.c.i.embedder.EclipseLogger - Copying 1 resource
2020-02-21 03:52:03,774 [Worker-123: Building] INFO  o.e.m.c.i.embedder.EclipseLogger - Using 'UTF-8' encoding to copy filtered resources.
2020-02-21 03:52:03,775 [Worker-123: Building] INFO  o.e.m.c.i.embedder.EclipseLogger - skip non existing resourceDirectory C:\Users\GISIORA\Desktop\git\CloudItPracticalApp-master\InterviewPractical\src\test\resources
2020-02-21 03:54:46,311 [Worker-125: Building] INFO  o.e.m.c.i.embedder.EclipseLogger - Using 'UTF-8' encoding to copy filtered resources.
2020-02-21 03:54:46,312 [Worker-125: Building] INFO  o.e.m.c.i.embedder.EclipseLogger - Copying 0 resource
2020-02-21 03:54:46,312 [Worker-125: Building] INFO  o.e.m.c.i.embedder.EclipseLogger - Copying 1 resource
2020-02-21 03:54:46,357 [Worker-125: Building] INFO  o.e.m.c.i.embedder.EclipseLogger - Using 'UTF-8' encoding to copy filtered resources.
2020-02-21 03:54:46,357 [Worker-125: Building] INFO  o.e.m.c.i.embedder.EclipseLogger - skip non existing resourceDirectory C:\Users\GISIORA\Desktop\git\CloudItPracticalApp-master\InterviewPractical\src\test\resources
2020-02-21 03:56:12,065 [Worker-127: Building] INFO  o.e.m.c.i.embedder.EclipseLogger - Using 'UTF-8' encoding to copy filtered resources.
2020-02-21 03:56:12,066 [Worker-127: Building] INFO  o.e.m.c.i.embedder.EclipseLogger - Copying 0 resource
2020-02-21 03:56:12,066 [Worker-127: Building] INFO  o.e.m.c.i.embedder.EclipseLogger - Copying 1 resource
2020-02-21 03:56:12,086 [Worker-127: Building] INFO  o.e.m.c.i.embedder.EclipseLogger - Using 'UTF-8' encoding to copy filtered resources.
2020-02-21 03:56:12,086 [Worker-127: Building] INFO  o.e.m.c.i.embedder.EclipseLogger - skip non existing resourceDirectory C:\Users\GISIORA\Desktop\git\CloudItPracticalApp-master\InterviewPractical\src\test\resources
2020-02-21 03:57:55,982 [Worker-129: Launching InterviewPractical - InterviewPracticalApplication] INFO  o.e.m.c.i.embedder.EclipseLogger - Using 'UTF-8' encoding to copy filtered resources.
2020-02-21 03:57:55,983 [Worker-129: Launching InterviewPractical - InterviewPracticalApplication] INFO  o.e.m.c.i.embedder.EclipseLogger - Copying 0 resource
2020-02-21 03:57:55,984 [Worker-129: Launching InterviewPractical - InterviewPracticalApplication] INFO  o.e.m.c.i.embedder.EclipseLogger - Copying 1 resource
2020-02-21 03:57:56,024 [Worker-129: Launching InterviewPractical - InterviewPracticalApplication] INFO  o.e.m.c.i.embedder.EclipseLogger - Using 'UTF-8' encoding to copy filtered resources.
2020-02-21 03:57:56,025 [Worker-129: Launching InterviewPractical - InterviewPracticalApplication] INFO  o.e.m.c.i.embedder.EclipseLogger - skip non existing resourceDirectory C:\Users\GISIORA\Desktop\git\CloudItPracticalApp-master\InterviewPractical\src\test\resources
2020-02-21 03:59:34,439 [Worker-134: Launching InterviewPractical - InterviewPracticalApplication] INFO  o.e.m.c.i.embedder.EclipseLogger - Using 'UTF-8' encoding to copy filtered resources.
2020-02-21 03:59:34,440 [Worker-134: Launching InterviewPractical - InterviewPracticalApplication] INFO  o.e.m.c.i.embedder.EclipseLogger - Copying 0 resource
2020-02-21 03:59:34,440 [Worker-134: Launching InterviewPractical - InterviewPracticalApplication] INFO  o.e.m.c.i.embedder.EclipseLogger - Copying 1 resource
2020-02-21 03:59:34,478 [Worker-134: Launching InterviewPractical - InterviewPracticalApplication] INFO  o.e.m.c.i.embedder.EclipseLogger - Using 'UTF-8' encoding to copy filtered resources.
2020-02-21 03:59:34,478 [Worker-134: Launching InterviewPractical - InterviewPracticalApplication] INFO  o.e.m.c.i.embedder.EclipseLogger - skip non existing resourceDirectory C:\Users\GISIORA\Desktop\git\CloudItPracticalApp-master\InterviewPractical\src\test\resources
2020-02-21 04:06:39,835 [Worker-139: Building] INFO  o.e.m.c.i.embedder.EclipseLogger - Using 'UTF-8' encoding to copy filtered resources.
2020-02-21 04:06:39,836 [Worker-139: Building] INFO  o.e.m.c.i.embedder.EclipseLogger - Copying 0 resource
2020-02-21 04:06:39,838 [Worker-139: Building] INFO  o.e.m.c.i.embedder.EclipseLogger - Copying 1 resource
2020-02-21 04:06:39,869 [Worker-139: Building] INFO  o.e.m.c.i.embedder.EclipseLogger - Using 'UTF-8' encoding to copy filtered resources.
2020-02-21 04:06:39,869 [Worker-139: Building] INFO  o.e.m.c.i.embedder.EclipseLogger - skip non existing resourceDirectory C:\Users\GISIORA\Desktop\git\CloudItPracticalApp-master\InterviewPractical\src\test\resources
2020-02-21 04:08:14,345 [Worker-138: Building] INFO  o.e.m.c.i.embedder.EclipseLogger - Using 'UTF-8' encoding to copy filtered resources.
2020-02-21 04:08:14,346 [Worker-138: Building] INFO  o.e.m.c.i.embedder.EclipseLogger - Copying 0 resource
2020-02-21 04:08:14,346 [Worker-138: Building] INFO  o.e.m.c.i.embedder.EclipseLogger - Copying 1 resource
2020-02-21 04:08:14,366 [Worker-138: Building] INFO  o.e.m.c.i.embedder.EclipseLogger - Using 'UTF-8' encoding to copy filtered resources.
2020-02-21 04:08:14,366 [Worker-138: Building] INFO  o.e.m.c.i.embedder.EclipseLogger - skip non existing resourceDirectory C:\Users\GISIORA\Desktop\git\CloudItPracticalApp-master\InterviewPractical\src\test\resources
2020-02-21 04:19:20,407 [Worker-145: Building] INFO  o.e.m.c.i.embedder.EclipseLogger - Using 'UTF-8' encoding to copy filtered resources.
2020-02-21 04:19:20,408 [Worker-145: Building] INFO  o.e.m.c.i.embedder.EclipseLogger - Copying 0 resource
2020-02-21 04:19:20,409 [Worker-145: Building] INFO  o.e.m.c.i.embedder.EclipseLogger - Copying 1 resource
2020-02-21 04:19:20,442 [Worker-145: Building] INFO  o.e.m.c.i.embedder.EclipseLogger - Using 'UTF-8' encoding to copy filtered resources.
2020-02-21 04:19:20,442 [Worker-145: Building] INFO  o.e.m.c.i.embedder.EclipseLogger - skip non existing resourceDirectory C:\Users\GISIORA\Desktop\git\CloudItPracticalApp-master\InterviewPractical\src\test\resources
2020-02-21 04:20:09,117 [Worker-147: Building] INFO  o.e.m.c.i.embedder.EclipseLogger - Using 'UTF-8' encoding to copy filtered resources.
2020-02-21 04:20:09,118 [Worker-147: Building] INFO  o.e.m.c.i.embedder.EclipseLogger - Copying 0 resource
2020-02-21 04:20:09,119 [Worker-147: Building] INFO  o.e.m.c.i.embedder.EclipseLogger - Copying 1 resource
2020-02-21 04:20:09,165 [Worker-147: Building] INFO  o.e.m.c.i.embedder.EclipseLogger - Using 'UTF-8' encoding to copy filtered resources.
2020-02-21 04:20:09,166 [Worker-147: Building] INFO  o.e.m.c.i.embedder.EclipseLogger - skip non existing resourceDirectory C:\Users\GISIORA\Desktop\git\CloudItPracticalApp-master\InterviewPractical\src\test\resources
2020-02-21 04:20:32,087 [Worker-142: Building] INFO  o.e.m.c.i.embedder.EclipseLogger - Using 'UTF-8' encoding to copy filtered resources.
2020-02-21 04:20:32,088 [Worker-142: Building] INFO  o.e.m.c.i.embedder.EclipseLogger - Copying 0 resource
2020-02-21 04:20:32,088 [Worker-142: Building] INFO  o.e.m.c.i.embedder.EclipseLogger - Copying 1 resource
2020-02-21 04:20:32,130 [Worker-142: Building] INFO  o.e.m.c.i.embedder.EclipseLogger - Using 'UTF-8' encoding to copy filtered resources.
2020-02-21 04:20:32,131 [Worker-142: Building] INFO  o.e.m.c.i.embedder.EclipseLogger - skip non existing resourceDirectory C:\Users\GISIORA\Desktop\git\CloudItPracticalApp-master\InterviewPractical\src\test\resources
2020-02-21 04:23:13,349 [Worker-148: Building] INFO  o.e.m.c.i.embedder.EclipseLogger - Using 'UTF-8' encoding to copy filtered resources.
2020-02-21 04:23:13,350 [Worker-148: Building] INFO  o.e.m.c.i.embedder.EclipseLogger - Copying 0 resource
2020-02-21 04:23:13,351 [Worker-148: Building] INFO  o.e.m.c.i.embedder.EclipseLogger - Copying 1 resource
2020-02-21 04:23:13,383 [Worker-148: Building] INFO  o.e.m.c.i.embedder.EclipseLogger - Using 'UTF-8' encoding to copy filtered resources.
2020-02-21 04:23:13,384 [Worker-148: Building] INFO  o.e.m.c.i.embedder.EclipseLogger - skip non existing resourceDirectory C:\Users\GISIORA\Desktop\git\CloudItPracticalApp-master\InterviewPractical\src\test\resources
2020-02-21 04:24:04,032 [Worker-149: Building] INFO  o.e.m.c.i.embedder.EclipseLogger - Using 'UTF-8' encoding to copy filtered resources.
2020-02-21 04:24:04,032 [Worker-149: Building] INFO  o.e.m.c.i.embedder.EclipseLogger - Copying 0 resource
2020-02-21 04:24:04,033 [Worker-149: Building] INFO  o.e.m.c.i.embedder.EclipseLogger - Copying 1 resource
2020-02-21 04:24:04,076 [Worker-149: Building] INFO  o.e.m.c.i.embedder.EclipseLogger - Using 'UTF-8' encoding to copy filtered resources.
2020-02-21 04:24:04,077 [Worker-149: Building] INFO  o.e.m.c.i.embedder.EclipseLogger - skip non existing resourceDirectory C:\Users\GISIORA\Desktop\git\CloudItPracticalApp-master\InterviewPractical\src\test\resources
2020-02-21 04:30:13,224 [Worker-153: Launching InterviewPractical - InterviewPracticalApplication] INFO  o.e.m.c.i.embedder.EclipseLogger - Using 'UTF-8' encoding to copy filtered resources.
2020-02-21 04:30:13,225 [Worker-153: Launching InterviewPractical - InterviewPracticalApplication] INFO  o.e.m.c.i.embedder.EclipseLogger - Copying 0 resource
2020-02-21 04:30:13,226 [Worker-153: Launching InterviewPractical - InterviewPracticalApplication] INFO  o.e.m.c.i.embedder.EclipseLogger - Copying 1 resource
2020-02-21 04:30:13,284 [Worker-153: Launching InterviewPractical - InterviewPracticalApplication] INFO  o.e.m.c.i.embedder.EclipseLogger - Using 'UTF-8' encoding to copy filtered resources.
2020-02-21 04:30:13,284 [Worker-153: Launching InterviewPractical - InterviewPracticalApplication] INFO  o.e.m.c.i.embedder.EclipseLogger - skip non existing resourceDirectory C:\Users\GISIORA\Desktop\git\CloudItPracticalApp-master\InterviewPractical\src\test\resources
2020-02-21 04:39:54,901 [Worker-156: Building] INFO  o.e.m.c.i.embedder.EclipseLogger - Using 'UTF-8' encoding to copy filtered resources.
2020-02-21 04:39:54,902 [Worker-156: Building] INFO  o.e.m.c.i.embedder.EclipseLogger - Copying 1 resource
2020-02-21 04:39:54,939 [Worker-156: Building] INFO  o.e.m.c.i.embedder.EclipseLogger - Copying 0 resource
2020-02-21 04:39:54,942 [Worker-156: Building] INFO  o.e.m.c.i.embedder.EclipseLogger - Using 'UTF-8' encoding to copy filtered resources.
2020-02-21 04:39:54,943 [Worker-156: Building] INFO  o.e.m.c.i.embedder.EclipseLogger - skip non existing resourceDirectory C:\Users\GISIORA\Desktop\git\CloudItPracticalApp-master\InterviewPractical\src\test\resources
2020-02-21 04:53:45,820 [Worker-161: Building] INFO  o.e.m.c.i.embedder.EclipseLogger - Using 'UTF-8' encoding to copy filtered resources.
2020-02-21 04:53:45,822 [Worker-161: Building] INFO  o.e.m.c.i.embedder.EclipseLogger - Copying 0 resource
2020-02-21 04:53:45,823 [Worker-161: Building] INFO  o.e.m.c.i.embedder.EclipseLogger - Copying 1 resource
2020-02-21 04:53:46,626 [Worker-161: Building] INFO  o.e.m.c.i.embedder.EclipseLogger - Using 'UTF-8' encoding to copy filtered resources.
2020-02-21 04:53:46,626 [Worker-161: Building] INFO  o.e.m.c.i.embedder.EclipseLogger - skip non existing resourceDirectory C:\Users\GISIORA\Desktop\git\CloudItPracticalApp-master\InterviewPractical\src\test\resources
2020-02-21 04:58:02,949 [Worker-166: Building] INFO  o.e.m.c.i.embedder.EclipseLogger - Using 'UTF-8' encoding to copy filtered resources.
2020-02-21 04:58:07,831 [Worker-166: Building] INFO  o.e.m.c.i.embedder.EclipseLogger - Copying 1 resource
2020-02-21 04:58:09,531 [Worker-166: Building] INFO  o.e.m.c.i.embedder.EclipseLogger - Copying 887 resources
2020-02-21 04:58:13,440 [Worker-166: Building] INFO  o.e.m.c.i.embedder.EclipseLogger - Using 'UTF-8' encoding to copy filtered resources.
2020-02-21 04:58:13,441 [Worker-166: Building] INFO  o.e.m.c.i.embedder.EclipseLogger - skip non existing resourceDirectory C:\Users\GISIORA\Desktop\git\CloudItPracticalApp-master\InterviewPractical\src\test\resources
2020-02-21 04:58:20,732 [Worker-146: Launching InterviewPractical - InterviewPracticalApplication] INFO  o.e.m.c.i.embedder.EclipseLogger - Using 'UTF-8' encoding to copy filtered resources.
2020-02-21 04:58:20,733 [Worker-146: Launching InterviewPractical - InterviewPracticalApplication] INFO  o.e.m.c.i.embedder.EclipseLogger - Copying 0 resource
2020-02-21 04:58:20,735 [Worker-146: Launching InterviewPractical - InterviewPracticalApplication] INFO  o.e.m.c.i.embedder.EclipseLogger - Copying 1 resource
2020-02-21 04:58:20,786 [Worker-146: Launching InterviewPractical - InterviewPracticalApplication] INFO  o.e.m.c.i.embedder.EclipseLogger - Using 'UTF-8' encoding to copy filtered resources.
2020-02-21 04:58:20,786 [Worker-146: Launching InterviewPractical - InterviewPracticalApplication] INFO  o.e.m.c.i.embedder.EclipseLogger - skip non existing resourceDirectory C:\Users\GISIORA\Desktop\git\CloudItPracticalApp-master\InterviewPractical\src\test\resources
2020-02-21 05:03:59,969 [Worker-169: Building] INFO  o.e.m.c.i.embedder.EclipseLogger - Using 'UTF-8' encoding to copy filtered resources.
2020-02-21 05:03:59,969 [Worker-169: Building] INFO  o.e.m.c.i.embedder.EclipseLogger - Copying 0 resource
2020-02-21 05:03:59,970 [Worker-169: Building] INFO  o.e.m.c.i.embedder.EclipseLogger - Copying 1 resource
2020-02-21 05:04:00,012 [Worker-169: Building] INFO  o.e.m.c.i.embedder.EclipseLogger - Using 'UTF-8' encoding to copy filtered resources.
2020-02-21 05:04:00,012 [Worker-169: Building] INFO  o.e.m.c.i.embedder.EclipseLogger - skip non existing resourceDirectory C:\Users\GISIORA\Desktop\git\CloudItPracticalApp-master\InterviewPractical\src\test\resources
2020-02-21 05:05:22,392 [Worker-165: Building] INFO  o.e.m.c.i.embedder.EclipseLogger - Using 'UTF-8' encoding to copy filtered resources.
2020-02-21 05:05:22,392 [Worker-165: Building] INFO  o.e.m.c.i.embedder.EclipseLogger - Copying 0 resource
2020-02-21 05:05:22,392 [Worker-165: Building] INFO  o.e.m.c.i.embedder.EclipseLogger - Copying 1 resource
2020-02-21 05:05:22,411 [Worker-165: Building] INFO  o.e.m.c.i.embedder.EclipseLogger - Using 'UTF-8' encoding to copy filtered resources.
2020-02-21 05:05:22,411 [Worker-165: Building] INFO  o.e.m.c.i.embedder.EclipseLogger - skip non existing resourceDirectory C:\Users\GISIORA\Desktop\git\CloudItPracticalApp-master\InterviewPractical\src\test\resources
2020-02-21 05:09:47,462 [Worker-171: Building] INFO  o.e.m.c.i.embedder.EclipseLogger - Using 'UTF-8' encoding to copy filtered resources.
2020-02-21 05:09:47,463 [Worker-171: Building] INFO  o.e.m.c.i.embedder.EclipseLogger - Copying 0 resource
2020-02-21 05:09:47,464 [Worker-171: Building] INFO  o.e.m.c.i.embedder.EclipseLogger - Copying 1 resource
2020-02-21 05:09:47,496 [Worker-171: Building] INFO  o.e.m.c.i.embedder.EclipseLogger - Using 'UTF-8' encoding to copy filtered resources.
2020-02-21 05:09:47,496 [Worker-171: Building] INFO  o.e.m.c.i.embedder.EclipseLogger - skip non existing resourceDirectory C:\Users\GISIORA\Desktop\git\CloudItPracticalApp-master\InterviewPractical\src\test\resources
2020-02-21 05:11:25,557 [Worker-166: Building] INFO  o.e.m.c.i.embedder.EclipseLogger - Using 'UTF-8' encoding to copy filtered resources.
2020-02-21 05:11:25,562 [Worker-166: Building] INFO  o.e.m.c.i.embedder.EclipseLogger - Copying 0 resource
2020-02-21 05:11:25,563 [Worker-166: Building] INFO  o.e.m.c.i.embedder.EclipseLogger - Copying 1 resource
2020-02-21 05:11:25,597 [Worker-166: Building] INFO  o.e.m.c.i.embedder.EclipseLogger - Using 'UTF-8' encoding to copy filtered resources.
2020-02-21 05:11:25,597 [Worker-166: Building] INFO  o.e.m.c.i.embedder.EclipseLogger - skip non existing resourceDirectory C:\Users\GISIORA\Desktop\git\CloudItPracticalApp-master\InterviewPractical\src\test\resources
2020-02-21 05:13:11,553 [Worker-159: Launching InterviewPractical - InterviewPracticalApplication] INFO  o.e.m.c.i.embedder.EclipseLogger - Using 'UTF-8' encoding to copy filtered resources.
2020-02-21 05:13:11,554 [Worker-159: Launching InterviewPractical - InterviewPracticalApplication] INFO  o.e.m.c.i.embedder.EclipseLogger - Copying 0 resource
2020-02-21 05:13:11,554 [Worker-159: Launching InterviewPractical - InterviewPracticalApplication] INFO  o.e.m.c.i.embedder.EclipseLogger - Copying 1 resource
2020-02-21 05:13:11,581 [Worker-159: Launching InterviewPractical - InterviewPracticalApplication] INFO  o.e.m.c.i.embedder.EclipseLogger - Using 'UTF-8' encoding to copy filtered resources.
2020-02-21 05:13:11,582 [Worker-159: Launching InterviewPractical - InterviewPracticalApplication] INFO  o.e.m.c.i.embedder.EclipseLogger - skip non existing resourceDirectory C:\Users\GISIORA\Desktop\git\CloudItPracticalApp-master\InterviewPractical\src\test\resources
2020-02-21 06:15:15,705 [Worker-176: Launching InterviewPractical - InterviewPracticalApplication] INFO  o.e.m.c.i.embedder.EclipseLogger - Using 'UTF-8' encoding to copy filtered resources.
2020-02-21 06:15:15,801 [Worker-176: Launching InterviewPractical - InterviewPracticalApplication] INFO  o.e.m.c.i.embedder.EclipseLogger - Copying 0 resource
2020-02-21 06:15:15,803 [Worker-176: Launching InterviewPractical - InterviewPracticalApplication] INFO  o.e.m.c.i.embedder.EclipseLogger - Copying 1 resource
2020-02-21 06:15:15,892 [Worker-176: Launching InterviewPractical - InterviewPracticalApplication] INFO  o.e.m.c.i.embedder.EclipseLogger - Using 'UTF-8' encoding to copy filtered resources.
2020-02-21 06:15:15,892 [Worker-176: Launching InterviewPractical - InterviewPracticalApplication] INFO  o.e.m.c.i.embedder.EclipseLogger - skip non existing resourceDirectory C:\Users\GISIORA\Desktop\git\CloudItPracticalApp-master\InterviewPractical\src\test\resources
2020-02-21 06:16:45,135 [Worker-179: Building] INFO  o.e.m.c.i.embedder.EclipseLogger - Using 'UTF-8' encoding to copy filtered resources.
2020-02-21 06:16:45,135 [Worker-179: Building] INFO  o.e.m.c.i.embedder.EclipseLogger - Copying 0 resource
2020-02-21 06:16:45,136 [Worker-179: Building] INFO  o.e.m.c.i.embedder.EclipseLogger - Copying 1 resource
2020-02-21 06:16:45,173 [Worker-179: Building] INFO  o.e.m.c.i.embedder.EclipseLogger - Using 'UTF-8' encoding to copy filtered resources.
2020-02-21 06:16:45,173 [Worker-179: Building] INFO  o.e.m.c.i.embedder.EclipseLogger - skip non existing resourceDirectory C:\Users\GISIORA\Desktop\git\CloudItPracticalApp-master\InterviewPractical\src\test\resources
2020-02-21 06:17:39,855 [Worker-165: Building] INFO  o.e.m.c.i.embedder.EclipseLogger - Using 'UTF-8' encoding to copy filtered resources.
2020-02-21 06:17:39,856 [Worker-165: Building] INFO  o.e.m.c.i.embedder.EclipseLogger - Copying 0 resource
2020-02-21 06:17:39,856 [Worker-165: Building] INFO  o.e.m.c.i.embedder.EclipseLogger - Copying 1 resource
2020-02-21 06:17:39,928 [Worker-165: Building] INFO  o.e.m.c.i.embedder.EclipseLogger - Using 'UTF-8' encoding to copy filtered resources.
2020-02-21 06:17:39,928 [Worker-165: Building] INFO  o.e.m.c.i.embedder.EclipseLogger - skip non existing resourceDirectory C:\Users\GISIORA\Desktop\git\CloudItPracticalApp-master\InterviewPractical\src\test\resources
2020-02-21 06:22:21,613 [Worker-182: Building] INFO  o.e.m.c.i.embedder.EclipseLogger - Using 'UTF-8' encoding to copy filtered resources.
2020-02-21 06:22:21,614 [Worker-182: Building] INFO  o.e.m.c.i.embedder.EclipseLogger - Copying 0 resource
2020-02-21 06:22:21,615 [Worker-182: Building] INFO  o.e.m.c.i.embedder.EclipseLogger - Copying 1 resource
2020-02-21 06:22:21,673 [Worker-182: Building] INFO  o.e.m.c.i.embedder.EclipseLogger - Using 'UTF-8' encoding to copy filtered resources.
2020-02-21 06:22:21,673 [Worker-182: Building] INFO  o.e.m.c.i.embedder.EclipseLogger - skip non existing resourceDirectory C:\Users\GISIORA\Desktop\git\CloudItPracticalApp-master\InterviewPractical\src\test\resources
2020-02-21 06:25:23,793 [Worker-184: Building] INFO  o.e.m.c.i.embedder.EclipseLogger - Using 'UTF-8' encoding to copy filtered resources.
2020-02-21 06:25:23,794 [Worker-184: Building] INFO  o.e.m.c.i.embedder.EclipseLogger - Copying 0 resource
2020-02-21 06:25:23,795 [Worker-184: Building] INFO  o.e.m.c.i.embedder.EclipseLogger - Copying 1 resource
2020-02-21 06:25:23,829 [Worker-184: Building] INFO  o.e.m.c.i.embedder.EclipseLogger - Using 'UTF-8' encoding to copy filtered resources.
2020-02-21 06:25:23,829 [Worker-184: Building] INFO  o.e.m.c.i.embedder.EclipseLogger - skip non existing resourceDirectory C:\Users\GISIORA\Desktop\git\CloudItPracticalApp-master\InterviewPractical\src\test\resources
2020-02-21 06:26:14,845 [Worker-179: Launching InterviewPractical - InterviewPracticalApplication] INFO  o.e.m.c.i.embedder.EclipseLogger - Using 'UTF-8' encoding to copy filtered resources.
2020-02-21 06:26:14,852 [Worker-179: Launching InterviewPractical - InterviewPracticalApplication] INFO  o.e.m.c.i.embedder.EclipseLogger - Copying 0 resource
2020-02-21 06:26:14,853 [Worker-179: Launching InterviewPractical - InterviewPracticalApplication] INFO  o.e.m.c.i.embedder.EclipseLogger - Copying 1 resource
2020-02-21 06:26:14,925 [Worker-179: Launching InterviewPractical - InterviewPracticalApplication] INFO  o.e.m.c.i.embedder.EclipseLogger - Using 'UTF-8' encoding to copy filtered resources.
2020-02-21 06:26:14,926 [Worker-179: Launching InterviewPractical - InterviewPracticalApplication] INFO  o.e.m.c.i.embedder.EclipseLogger - skip non existing resourceDirectory C:\Users\GISIORA\Desktop\git\CloudItPracticalApp-master\InterviewPractical\src\test\resources
2020-02-21 06:28:28,523 [Worker-165: Building] INFO  o.e.m.c.i.embedder.EclipseLogger - Using 'UTF-8' encoding to copy filtered resources.
2020-02-21 06:28:28,523 [Worker-165: Building] INFO  o.e.m.c.i.embedder.EclipseLogger - Copying 0 resource
2020-02-21 06:28:28,525 [Worker-165: Building] INFO  o.e.m.c.i.embedder.EclipseLogger - Copying 1 resource
2020-02-21 06:28:28,566 [Worker-165: Building] INFO  o.e.m.c.i.embedder.EclipseLogger - Using 'UTF-8' encoding to copy filtered resources.
2020-02-21 06:28:28,566 [Worker-165: Building] INFO  o.e.m.c.i.embedder.EclipseLogger - skip non existing resourceDirectory C:\Users\GISIORA\Desktop\git\CloudItPracticalApp-master\InterviewPractical\src\test\resources
2020-02-21 06:29:21,555 [Worker-181: Launching InterviewPractical - InterviewPracticalApplication] INFO  o.e.m.c.i.embedder.EclipseLogger - Using 'UTF-8' encoding to copy filtered resources.
2020-02-21 06:29:21,556 [Worker-181: Launching InterviewPractical - InterviewPracticalApplication] INFO  o.e.m.c.i.embedder.EclipseLogger - Copying 0 resource
2020-02-21 06:29:21,556 [Worker-181: Launching InterviewPractical - InterviewPracticalApplication] INFO  o.e.m.c.i.embedder.EclipseLogger - Copying 1 resource
2020-02-21 06:29:21,621 [Worker-181: Launching InterviewPractical - InterviewPracticalApplication] INFO  o.e.m.c.i.embedder.EclipseLogger - Using 'UTF-8' encoding to copy filtered resources.
2020-02-21 06:29:21,621 [Worker-181: Launching InterviewPractical - InterviewPracticalApplication] INFO  o.e.m.c.i.embedder.EclipseLogger - skip non existing resourceDirectory C:\Users\GISIORA\Desktop\git\CloudItPracticalApp-master\InterviewPractical\src\test\resources
2020-02-21 06:30:42,142 [Worker-176: Building] INFO  o.e.m.c.i.embedder.EclipseLogger - Using 'UTF-8' encoding to copy filtered resources.
2020-02-21 06:30:42,143 [Worker-176: Building] INFO  o.e.m.c.i.embedder.EclipseLogger - Copying 0 resource
2020-02-21 06:30:42,143 [Worker-176: Building] INFO  o.e.m.c.i.embedder.EclipseLogger - Copying 1 resource
2020-02-21 06:30:42,220 [Worker-176: Building] INFO  o.e.m.c.i.embedder.EclipseLogger - Using 'UTF-8' encoding to copy filtered resources.
2020-02-21 06:30:42,220 [Worker-176: Building] INFO  o.e.m.c.i.embedder.EclipseLogger - skip non existing resourceDirectory C:\Users\GISIORA\Desktop\git\CloudItPracticalApp-master\InterviewPractical\src\test\resources
2020-02-21 06:32:12,345 [Worker-176: Launching InterviewPractical - InterviewPracticalApplication] INFO  o.e.m.c.i.embedder.EclipseLogger - Using 'UTF-8' encoding to copy filtered resources.
2020-02-21 06:32:12,346 [Worker-176: Launching InterviewPractical - InterviewPracticalApplication] INFO  o.e.m.c.i.embedder.EclipseLogger - Copying 0 resource
2020-02-21 06:32:12,347 [Worker-176: Launching InterviewPractical - InterviewPracticalApplication] INFO  o.e.m.c.i.embedder.EclipseLogger - Copying 1 resource
2020-02-21 06:32:12,378 [Worker-176: Launching InterviewPractical - InterviewPracticalApplication] INFO  o.e.m.c.i.embedder.EclipseLogger - Using 'UTF-8' encoding to copy filtered resources.
2020-02-21 06:32:12,379 [Worker-176: Launching InterviewPractical - InterviewPracticalApplication] INFO  o.e.m.c.i.embedder.EclipseLogger - skip non existing resourceDirectory C:\Users\GISIORA\Desktop\git\CloudItPracticalApp-master\InterviewPractical\src\test\resources
2020-02-21 06:33:39,956 [Worker-183: Building] INFO  o.e.m.c.i.embedder.EclipseLogger - Using 'UTF-8' encoding to copy filtered resources.
2020-02-21 06:33:39,957 [Worker-183: Building] INFO  o.e.m.c.i.embedder.EclipseLogger - Copying 0 resource
2020-02-21 06:33:39,958 [Worker-183: Building] INFO  o.e.m.c.i.embedder.EclipseLogger - Copying 1 resource
2020-02-21 06:33:40,042 [Worker-183: Building] INFO  o.e.m.c.i.embedder.EclipseLogger - Using 'UTF-8' encoding to copy filtered resources.
2020-02-21 06:33:40,042 [Worker-183: Building] INFO  o.e.m.c.i.embedder.EclipseLogger - skip non existing resourceDirectory C:\Users\GISIORA\Desktop\git\CloudItPracticalApp-master\InterviewPractical\src\test\resources
2020-02-21 06:34:34,844 [Worker-174: Launching InterviewPractical - InterviewPracticalApplication] INFO  o.e.m.c.i.embedder.EclipseLogger - Using 'UTF-8' encoding to copy filtered resources.
2020-02-21 06:34:34,845 [Worker-174: Launching InterviewPractical - InterviewPracticalApplication] INFO  o.e.m.c.i.embedder.EclipseLogger - Copying 0 resource
2020-02-21 06:34:34,846 [Worker-174: Launching InterviewPractical - InterviewPracticalApplication] INFO  o.e.m.c.i.embedder.EclipseLogger - Copying 1 resource
2020-02-21 06:34:34,874 [Worker-174: Launching InterviewPractical - InterviewPracticalApplication] INFO  o.e.m.c.i.embedder.EclipseLogger - Using 'UTF-8' encoding to copy filtered resources.
2020-02-21 06:34:34,874 [Worker-174: Launching InterviewPractical - InterviewPracticalApplication] INFO  o.e.m.c.i.embedder.EclipseLogger - skip non existing resourceDirectory C:\Users\GISIORA\Desktop\git\CloudItPracticalApp-master\InterviewPractical\src\test\resources
2020-02-21 06:35:29,704 [Worker-174: Launching InterviewPractical - InterviewPracticalApplication] INFO  o.e.m.c.i.embedder.EclipseLogger - Using 'UTF-8' encoding to copy filtered resources.
2020-02-21 06:35:29,705 [Worker-174: Launching InterviewPractical - InterviewPracticalApplication] INFO  o.e.m.c.i.embedder.EclipseLogger - Copying 0 resource
2020-02-21 06:35:29,706 [Worker-174: Launching InterviewPractical - InterviewPracticalApplication] INFO  o.e.m.c.i.embedder.EclipseLogger - Copying 1 resource
2020-02-21 06:35:29,739 [Worker-174: Launching InterviewPractical - InterviewPracticalApplication] INFO  o.e.m.c.i.embedder.EclipseLogger - Using 'UTF-8' encoding to copy filtered resources.
2020-02-21 06:35:29,739 [Worker-174: Launching InterviewPractical - InterviewPracticalApplication] INFO  o.e.m.c.i.embedder.EclipseLogger - skip non existing resourceDirectory C:\Users\GISIORA\Desktop\git\CloudItPracticalApp-master\InterviewPractical\src\test\resources
2020-02-21 06:37:14,656 [Worker-184: Launching InterviewPractical - InterviewPracticalApplication] INFO  o.e.m.c.i.embedder.EclipseLogger - Using 'UTF-8' encoding to copy filtered resources.
2020-02-21 06:37:14,656 [Worker-184: Launching InterviewPractical - InterviewPracticalApplication] INFO  o.e.m.c.i.embedder.EclipseLogger - Copying 0 resource
2020-02-21 06:37:14,657 [Worker-184: Launching InterviewPractical - InterviewPracticalApplication] INFO  o.e.m.c.i.embedder.EclipseLogger - Copying 1 resource
2020-02-21 06:37:14,689 [Worker-184: Launching InterviewPractical - InterviewPracticalApplication] INFO  o.e.m.c.i.embedder.EclipseLogger - Using 'UTF-8' encoding to copy filtered resources.
2020-02-21 06:37:14,690 [Worker-184: Launching InterviewPractical - InterviewPracticalApplication] INFO  o.e.m.c.i.embedder.EclipseLogger - skip non existing resourceDirectory C:\Users\GISIORA\Desktop\git\CloudItPracticalApp-master\InterviewPractical\src\test\resources
2020-02-21 06:37:52,161 [Worker-181: Building] INFO  o.e.m.c.i.embedder.EclipseLogger - Using 'UTF-8' encoding to copy filtered resources.
2020-02-21 06:37:52,162 [Worker-181: Building] INFO  o.e.m.c.i.embedder.EclipseLogger - Copying 0 resource
2020-02-21 06:37:52,163 [Worker-181: Building] INFO  o.e.m.c.i.embedder.EclipseLogger - Copying 1 resource
2020-02-21 06:37:52,190 [Worker-181: Building] INFO  o.e.m.c.i.embedder.EclipseLogger - Using 'UTF-8' encoding to copy filtered resources.
2020-02-21 06:37:52,191 [Worker-181: Building] INFO  o.e.m.c.i.embedder.EclipseLogger - skip non existing resourceDirectory C:\Users\GISIORA\Desktop\git\CloudItPracticalApp-master\InterviewPractical\src\test\resources
2020-02-21 06:41:05,648 [Worker-181: Launching InterviewPractical - InterviewPracticalApplication] INFO  o.e.m.c.i.embedder.EclipseLogger - Using 'UTF-8' encoding to copy filtered resources.
2020-02-21 06:41:05,649 [Worker-181: Launching InterviewPractical - InterviewPracticalApplication] INFO  o.e.m.c.i.embedder.EclipseLogger - Copying 0 resource
2020-02-21 06:41:05,652 [Worker-181: Launching InterviewPractical - InterviewPracticalApplication] INFO  o.e.m.c.i.embedder.EclipseLogger - Copying 1 resource
2020-02-21 06:41:05,756 [Worker-181: Launching InterviewPractical - InterviewPracticalApplication] INFO  o.e.m.c.i.embedder.EclipseLogger - Using 'UTF-8' encoding to copy filtered resources.
2020-02-21 06:41:05,756 [Worker-181: Launching InterviewPractical - InterviewPracticalApplication] INFO  o.e.m.c.i.embedder.EclipseLogger - skip non existing resourceDirectory C:\Users\GISIORA\Desktop\git\CloudItPracticalApp-master\InterviewPractical\src\test\resources
2020-02-21 06:47:10,992 [Worker-181: Building] INFO  o.e.m.c.i.embedder.EclipseLogger - Using 'UTF-8' encoding to copy filtered resources.
2020-02-21 06:47:10,992 [Worker-181: Building] INFO  o.e.m.c.i.embedder.EclipseLogger - Copying 0 resource
2020-02-21 06:47:10,993 [Worker-181: Building] INFO  o.e.m.c.i.embedder.EclipseLogger - Copying 1 resource
2020-02-21 06:47:11,021 [Worker-181: Building] INFO  o.e.m.c.i.embedder.EclipseLogger - Using 'UTF-8' encoding to copy filtered resources.
2020-02-21 06:47:11,021 [Worker-181: Building] INFO  o.e.m.c.i.embedder.EclipseLogger - skip non existing resourceDirectory C:\Users\GISIORA\Desktop\git\CloudItPracticalApp-master\InterviewPractical\src\test\resources
2020-02-21 06:48:44,069 [Worker-179: Building] INFO  o.e.m.c.i.embedder.EclipseLogger - Using 'UTF-8' encoding to copy filtered resources.
2020-02-21 06:48:44,069 [Worker-179: Building] INFO  o.e.m.c.i.embedder.EclipseLogger - Copying 0 resource
2020-02-21 06:48:44,070 [Worker-179: Building] INFO  o.e.m.c.i.embedder.EclipseLogger - Copying 1 resource
2020-02-21 06:48:44,149 [Worker-179: Building] INFO  o.e.m.c.i.embedder.EclipseLogger - Using 'UTF-8' encoding to copy filtered resources.
2020-02-21 06:48:44,150 [Worker-179: Building] INFO  o.e.m.c.i.embedder.EclipseLogger - skip non existing resourceDirectory C:\Users\GISIORA\Desktop\git\CloudItPracticalApp-master\InterviewPractical\src\test\resources
2020-02-21 06:50:09,743 [Worker-185: Building] INFO  o.e.m.c.i.embedder.EclipseLogger - Using 'UTF-8' encoding to copy filtered resources.
2020-02-21 06:50:09,744 [Worker-185: Building] INFO  o.e.m.c.i.embedder.EclipseLogger - Copying 0 resource
2020-02-21 06:50:09,744 [Worker-185: Building] INFO  o.e.m.c.i.embedder.EclipseLogger - Copying 1 resource
2020-02-21 06:50:09,808 [Worker-185: Building] INFO  o.e.m.c.i.embedder.EclipseLogger - Using 'UTF-8' encoding to copy filtered resources.
2020-02-21 06:50:09,808 [Worker-185: Building] INFO  o.e.m.c.i.embedder.EclipseLogger - skip non existing resourceDirectory C:\Users\GISIORA\Desktop\git\CloudItPracticalApp-master\InterviewPractical\src\test\resources
2020-02-21 06:51:58,343 [Worker-179: Launching InterviewPractical - InterviewPracticalApplication] INFO  o.e.m.c.i.embedder.EclipseLogger - Using 'UTF-8' encoding to copy filtered resources.
2020-02-21 06:51:58,344 [Worker-179: Launching InterviewPractical - InterviewPracticalApplication] INFO  o.e.m.c.i.embedder.EclipseLogger - Copying 0 resource
2020-02-21 06:51:58,344 [Worker-179: Launching InterviewPractical - InterviewPracticalApplication] INFO  o.e.m.c.i.embedder.EclipseLogger - Copying 1 resource
2020-02-21 06:51:58,393 [Worker-179: Launching InterviewPractical - InterviewPracticalApplication] INFO  o.e.m.c.i.embedder.EclipseLogger - Using 'UTF-8' encoding to copy filtered resources.
2020-02-21 06:51:58,393 [Worker-179: Launching InterviewPractical - InterviewPracticalApplication] INFO  o.e.m.c.i.embedder.EclipseLogger - skip non existing resourceDirectory C:\Users\GISIORA\Desktop\git\CloudItPracticalApp-master\InterviewPractical\src\test\resources
2020-02-21 06:52:53,745 [Worker-179: Building] INFO  o.e.m.c.i.embedder.EclipseLogger - Using 'UTF-8' encoding to copy filtered resources.
2020-02-21 06:52:53,746 [Worker-179: Building] INFO  o.e.m.c.i.embedder.EclipseLogger - Copying 0 resource
2020-02-21 06:52:53,746 [Worker-179: Building] INFO  o.e.m.c.i.embedder.EclipseLogger - Copying 1 resource
2020-02-21 06:52:53,777 [Worker-179: Building] INFO  o.e.m.c.i.embedder.EclipseLogger - Using 'UTF-8' encoding to copy filtered resources.
2020-02-21 06:52:53,777 [Worker-179: Building] INFO  o.e.m.c.i.embedder.EclipseLogger - skip non existing resourceDirectory C:\Users\GISIORA\Desktop\git\CloudItPracticalApp-master\InterviewPractical\src\test\resources
2020-02-21 06:54:32,791 [Worker-179: Launching InterviewPractical - InterviewPracticalApplication] INFO  o.e.m.c.i.embedder.EclipseLogger - Using 'UTF-8' encoding to copy filtered resources.
2020-02-21 06:54:32,791 [Worker-179: Launching InterviewPractical - InterviewPracticalApplication] INFO  o.e.m.c.i.embedder.EclipseLogger - Copying 0 resource
2020-02-21 06:54:32,792 [Worker-179: Launching InterviewPractical - InterviewPracticalApplication] INFO  o.e.m.c.i.embedder.EclipseLogger - Copying 1 resource
2020-02-21 06:54:32,823 [Worker-179: Launching InterviewPractical - InterviewPracticalApplication] INFO  o.e.m.c.i.embedder.EclipseLogger - Using 'UTF-8' encoding to copy filtered resources.
2020-02-21 06:54:32,823 [Worker-179: Launching InterviewPractical - InterviewPracticalApplication] INFO  o.e.m.c.i.embedder.EclipseLogger - skip non existing resourceDirectory C:\Users\GISIORA\Desktop\git\CloudItPracticalApp-master\InterviewPractical\src\test\resources
2020-02-21 06:55:50,164 [Worker-174: Building] INFO  o.e.m.c.i.embedder.EclipseLogger - Using 'UTF-8' encoding to copy filtered resources.
2020-02-21 06:55:50,165 [Worker-174: Building] INFO  o.e.m.c.i.embedder.EclipseLogger - Copying 0 resource
2020-02-21 06:55:50,166 [Worker-174: Building] INFO  o.e.m.c.i.embedder.EclipseLogger - Copying 1 resource
2020-02-21 06:55:50,194 [Worker-174: Building] INFO  o.e.m.c.i.embedder.EclipseLogger - Using 'UTF-8' encoding to copy filtered resources.
2020-02-21 06:55:50,258 [Worker-174: Building] INFO  o.e.m.c.i.embedder.EclipseLogger - skip non existing resourceDirectory C:\Users\GISIORA\Desktop\git\CloudItPracticalApp-master\InterviewPractical\src\test\resources
2020-02-21 06:56:00,003 [Worker-165: Building] INFO  o.e.m.c.i.embedder.EclipseLogger - Using 'UTF-8' encoding to copy filtered resources.
2020-02-21 06:56:00,004 [Worker-165: Building] INFO  o.e.m.c.i.embedder.EclipseLogger - Copying 0 resource
2020-02-21 06:56:00,005 [Worker-165: Building] INFO  o.e.m.c.i.embedder.EclipseLogger - Copying 1 resource
2020-02-21 06:56:00,045 [Worker-165: Building] INFO  o.e.m.c.i.embedder.EclipseLogger - Using 'UTF-8' encoding to copy filtered resources.
2020-02-21 06:56:00,045 [Worker-165: Building] INFO  o.e.m.c.i.embedder.EclipseLogger - skip non existing resourceDirectory C:\Users\GISIORA\Desktop\git\CloudItPracticalApp-master\InterviewPractical\src\test\resources
2020-02-21 07:01:20,237 [Worker-174: Launching InterviewPractical - InterviewPracticalApplication] INFO  o.e.m.c.i.embedder.EclipseLogger - Using 'UTF-8' encoding to copy filtered resources.
2020-02-21 07:01:20,238 [Worker-174: Launching InterviewPractical - InterviewPracticalApplication] INFO  o.e.m.c.i.embedder.EclipseLogger - Copying 0 resource
2020-02-21 07:01:20,239 [Worker-174: Launching InterviewPractical - InterviewPracticalApplication] INFO  o.e.m.c.i.embedder.EclipseLogger - Copying 1 resource
2020-02-21 07:01:20,271 [Worker-174: Launching InterviewPractical - InterviewPracticalApplication] INFO  o.e.m.c.i.embedder.EclipseLogger - Using 'UTF-8' encoding to copy filtered resources.
2020-02-21 07:01:20,272 [Worker-174: Launching InterviewPractical - InterviewPracticalApplication] INFO  o.e.m.c.i.embedder.EclipseLogger - skip non existing resourceDirectory C:\Users\GISIORA\Desktop\git\CloudItPracticalApp-master\InterviewPractical\src\test\resources
2020-02-21 07:02:16,909 [Worker-174: Launching InterviewPractical - InterviewPracticalApplication] INFO  o.e.m.c.i.embedder.EclipseLogger - Using 'UTF-8' encoding to copy filtered resources.
2020-02-21 07:02:16,910 [Worker-174: Launching InterviewPractical - InterviewPracticalApplication] INFO  o.e.m.c.i.embedder.EclipseLogger - Copying 0 resource
2020-02-21 07:02:16,911 [Worker-174: Launching InterviewPractical - InterviewPracticalApplication] INFO  o.e.m.c.i.embedder.EclipseLogger - Copying 1 resource
2020-02-21 07:02:16,940 [Worker-174: Launching InterviewPractical - InterviewPracticalApplication] INFO  o.e.m.c.i.embedder.EclipseLogger - Using 'UTF-8' encoding to copy filtered resources.
2020-02-21 07:02:16,940 [Worker-174: Launching InterviewPractical - InterviewPracticalApplication] INFO  o.e.m.c.i.embedder.EclipseLogger - skip non existing resourceDirectory C:\Users\GISIORA\Desktop\git\CloudItPracticalApp-master\InterviewPractical\src\test\resources
2020-02-21 07:03:49,099 [Worker-181: Launching InterviewPractical - InterviewPracticalApplication] INFO  o.e.m.c.i.embedder.EclipseLogger - Using 'UTF-8' encoding to copy filtered resources.
2020-02-21 07:03:49,099 [Worker-181: Launching InterviewPractical - InterviewPracticalApplication] INFO  o.e.m.c.i.embedder.EclipseLogger - Copying 0 resource
2020-02-21 07:03:49,100 [Worker-181: Launching InterviewPractical - InterviewPracticalApplication] INFO  o.e.m.c.i.embedder.EclipseLogger - Copying 1 resource
2020-02-21 07:03:49,155 [Worker-181: Launching InterviewPractical - InterviewPracticalApplication] INFO  o.e.m.c.i.embedder.EclipseLogger - Using 'UTF-8' encoding to copy filtered resources.
2020-02-21 07:03:49,155 [Worker-181: Launching InterviewPractical - InterviewPracticalApplication] INFO  o.e.m.c.i.embedder.EclipseLogger - skip non existing resourceDirectory C:\Users\GISIORA\Desktop\git\CloudItPracticalApp-master\InterviewPractical\src\test\resources
2020-02-21 07:12:43,102 [Worker-189: Launching InterviewPractical - InterviewPracticalApplication] INFO  o.e.m.c.i.embedder.EclipseLogger - Using 'UTF-8' encoding to copy filtered resources.
2020-02-21 07:12:43,102 [Worker-189: Launching InterviewPractical - InterviewPracticalApplication] INFO  o.e.m.c.i.embedder.EclipseLogger - Copying 0 resource
2020-02-21 07:12:43,103 [Worker-189: Launching InterviewPractical - InterviewPracticalApplication] INFO  o.e.m.c.i.embedder.EclipseLogger - Copying 2 resources
2020-02-21 07:12:43,149 [Worker-189: Launching InterviewPractical - InterviewPracticalApplication] INFO  o.e.m.c.i.embedder.EclipseLogger - Using 'UTF-8' encoding to copy filtered resources.
2020-02-21 07:12:43,150 [Worker-189: Launching InterviewPractical - InterviewPracticalApplication] INFO  o.e.m.c.i.embedder.EclipseLogger - skip non existing resourceDirectory C:\Users\GISIORA\Desktop\git\CloudItPracticalApp-master\InterviewPractical\src\test\resources
2020-02-21 07:20:22,673 [Worker-189: Building] INFO  o.e.m.c.i.embedder.EclipseLogger - Using 'UTF-8' encoding to copy filtered resources.
2020-02-21 07:20:22,674 [Worker-189: Building] INFO  o.e.m.c.i.embedder.EclipseLogger - Copying 0 resource
2020-02-21 07:20:22,674 [Worker-189: Building] INFO  o.e.m.c.i.embedder.EclipseLogger - Copying 1 resource
2020-02-21 07:20:22,745 [Worker-189: Building] INFO  o.e.m.c.i.embedder.EclipseLogger - Using 'UTF-8' encoding to copy filtered resources.
2020-02-21 07:20:22,746 [Worker-189: Building] INFO  o.e.m.c.i.embedder.EclipseLogger - skip non existing resourceDirectory C:\Users\GISIORA\Desktop\git\CloudItPracticalApp-master\InterviewPractical\src\test\resources
2020-02-21 11:18:39,974 [Worker-4: Loading available Gradle versions] INFO  o.e.b.c.i.u.g.PublishedGradleVersions - Gradle version information cache is out-of-date. Trying to update.
2020-02-21 11:18:46,818 [Worker-4: Loading available Gradle versions] INFO  o.e.b.c.i.u.g.PublishedGradleVersions - Updating Gradle version information cache failed. Using outdated cache.
2020-02-21 11:19:31,711 [Worker-4: Launching InterviewPractical - InterviewPracticalApplication] INFO  o.e.m.c.i.embedder.EclipseLogger - Using 'UTF-8' encoding to copy filtered resources.
2020-02-21 11:19:31,802 [Worker-4: Launching InterviewPractical - InterviewPracticalApplication] INFO  o.e.m.c.i.embedder.EclipseLogger - Copying 1 resource
2020-02-21 11:19:31,886 [Worker-4: Launching InterviewPractical - InterviewPracticalApplication] INFO  o.e.m.c.i.embedder.EclipseLogger - Copying 887 resources
2020-02-21 11:20:22,834 [Worker-4: Launching InterviewPractical - InterviewPracticalApplication] INFO  o.e.m.c.i.embedder.EclipseLogger - Using 'UTF-8' encoding to copy filtered resources.
2020-02-21 11:20:22,835 [Worker-4: Launching InterviewPractical - InterviewPracticalApplication] INFO  o.e.m.c.i.embedder.EclipseLogger - skip non existing resourceDirectory C:\Users\GISIORA\Desktop\git\CloudItPracticalApp-master\InterviewPractical\src\test\resources
2020-02-21 11:36:56,479 [Worker-12: Building] INFO  o.e.m.c.i.embedder.EclipseLogger - Using 'UTF-8' encoding to copy filtered resources.
2020-02-21 11:36:56,559 [Worker-12: Building] INFO  o.e.m.c.i.embedder.EclipseLogger - Copying 1 resource
2020-02-21 11:36:56,635 [Worker-12: Building] INFO  o.e.m.c.i.embedder.EclipseLogger - Copying 887 resources
2020-02-21 11:36:56,935 [Worker-12: Building] INFO  o.e.m.c.i.embedder.EclipseLogger - Using 'UTF-8' encoding to copy filtered resources.
2020-02-21 11:36:56,936 [Worker-12: Building] INFO  o.e.m.c.i.embedder.EclipseLogger - skip non existing resourceDirectory C:\Users\GISIORA\Desktop\git\CloudItPracticalApp-master\InterviewPractical\src\test\resources
2020-02-21 11:38:26,359 [Worker-2: Building] INFO  o.e.m.c.i.embedder.EclipseLogger - Using 'UTF-8' encoding to copy filtered resources.
2020-02-21 11:38:26,376 [Worker-2: Building] INFO  o.e.m.c.i.embedder.EclipseLogger - Copying 0 resource
2020-02-21 11:38:26,377 [Worker-2: Building] INFO  o.e.m.c.i.embedder.EclipseLogger - Copying 1 resource
2020-02-21 11:38:26,399 [Worker-2: Building] INFO  o.e.m.c.i.embedder.EclipseLogger - Using 'UTF-8' encoding to copy filtered resources.
2020-02-21 11:38:26,400 [Worker-2: Building] INFO  o.e.m.c.i.embedder.EclipseLogger - skip non existing resourceDirectory C:\Users\GISIORA\Desktop\git\CloudItPracticalApp-master\InterviewPractical\src\test\resources
2020-02-21 11:38:42,000 [Worker-2: Building] INFO  o.e.m.c.i.embedder.EclipseLogger - Using 'UTF-8' encoding to copy filtered resources.
2020-02-21 11:38:42,001 [Worker-2: Building] INFO  o.e.m.c.i.embedder.EclipseLogger - Copying 0 resource
2020-02-21 11:38:42,002 [Worker-2: Building] INFO  o.e.m.c.i.embedder.EclipseLogger - Copying 1 resource
2020-02-21 11:38:42,028 [Worker-2: Building] INFO  o.e.m.c.i.embedder.EclipseLogger - Using 'UTF-8' encoding to copy filtered resources.
2020-02-21 11:38:42,029 [Worker-2: Building] INFO  o.e.m.c.i.embedder.EclipseLogger - skip non existing resourceDirectory C:\Users\GISIORA\Desktop\git\CloudItPracticalApp-master\InterviewPractical\src\test\resources
2020-02-21 11:38:53,027 [Worker-13: Building] INFO  o.e.m.c.i.embedder.EclipseLogger - Using 'UTF-8' encoding to copy filtered resources.
2020-02-21 11:38:53,180 [Worker-13: Building] INFO  o.e.m.c.i.embedder.EclipseLogger - Copying 1 resource
2020-02-21 11:38:53,325 [Worker-13: Building] INFO  o.e.m.c.i.embedder.EclipseLogger - Copying 887 resources
2020-02-21 11:38:53,474 [Worker-13: Building] INFO  o.e.m.c.i.embedder.EclipseLogger - Using 'UTF-8' encoding to copy filtered resources.
2020-02-21 11:38:53,474 [Worker-13: Building] INFO  o.e.m.c.i.embedder.EclipseLogger - skip non existing resourceDirectory C:\Users\GISIORA\Desktop\git\CloudItPracticalApp-master\InterviewPractical\src\test\resources
